<?xml version="1.0" encoding="UTF-8"?>
<!-- Generated by org.testng.reporters.JUnitXMLReporter -->
<testsuite ignored="0" hostname="Joanna" failures="4" tests="58" name="TestChrome" time="29.232" errors="0" timestamp="2024-12-16T14:26:28 GMT-05:00">
  <testcase classname="tests.LoginTesCases" name="@AfterClass user_clicks_on_logout_link" time="0.004">
    <failure type="java.lang.NullPointerException" message="Cannot invoke &amp;quot;org.openqa.selenium.WebDriver.get(String)&amp;quot; because &amp;quot;this.driver&amp;quot; is null">
      <![CDATA[java.lang.NullPointerException: Cannot invoke "org.openqa.selenium.WebDriver.get(String)" because "this.driver" is null
at tests.LoginTesCases.user_clicks_on_logout_link(LoginTesCases.java:115)
at java.base/java.util.concurrent.Executors$RunnableAdapter.call(Executors.java:572)
at java.base/java.util.concurrent.FutureTask.run(FutureTask.java:317)
at java.base/java.util.concurrent.ThreadPoolExecutor.runWorker(ThreadPoolExecutor.java:1144)
at java.base/java.util.concurrent.ThreadPoolExecutor$Worker.run(ThreadPoolExecutor.java:642)
at java.base/java.lang.Thread.run(Thread.java:1570)
... Removed 10 stack frames]]>
    </failure>
  </testcase> <!-- @AfterClass user_clicks_on_logout_link -->
  <testcase classname="tests.BaseCases" name="@AfterClass tearDown" time="0.0">
    <skipped/>
  </testcase> <!-- @AfterClass tearDown -->
  <testcase classname="tests.LoginTesCases" name="checkEmptyUsername" time="0.054">
    <skipped/>
  </testcase> <!-- checkEmptyUsername -->
  <testcase classname="tests.LoginTesCases" name="checkEmptyUsername" time="0.004">
    <skipped/>
  </testcase> <!-- checkEmptyUsername -->
  <testcase classname="tests.LoginTesCases" name="checkEmptyUsername" time="0.003">
    <skipped/>
  </testcase> <!-- checkEmptyUsername -->
  <testcase classname="tests.LoginTesCases" name="checkEmptyUsername" time="0.004">
    <failure type="java.lang.NullPointerException" message="Cannot invoke &amp;quot;org.openqa.selenium.WebDriver.get(String)&amp;quot; because &amp;quot;this.driver&amp;quot; is null">
      <![CDATA[java.lang.NullPointerException: Cannot invoke "org.openqa.selenium.WebDriver.get(String)" because "this.driver" is null
at tests.LoginTesCases.checkEmptyUsername(LoginTesCases.java:52)
at java.base/java.util.concurrent.Executors$RunnableAdapter.call(Executors.java:572)
at java.base/java.util.concurrent.FutureTask.run(FutureTask.java:317)
at java.base/java.util.concurrent.ThreadPoolExecutor.runWorker(ThreadPoolExecutor.java:1144)
at java.base/java.util.concurrent.ThreadPoolExecutor$Worker.run(ThreadPoolExecutor.java:642)
at java.base/java.lang.Thread.run(Thread.java:1570)
... Removed 11 stack frames]]>
    </failure>
  </testcase> <!-- checkEmptyUsername -->
  <testcase classname="tests.LoginTesCases" name="checkInvalidUsernamePassword" time="0.0">
    <failure type="org.testng.TestNGException" message="
Cannot inject @Test annotated Method [checkInvalidUsernamePassword] with [class java.lang.String, class java.lang.String].
For more information on native dependency injection please refer to https://testng.org/#_dependency_injection">
      <![CDATA[org.testng.TestNGException: 
Cannot inject @Test annotated Method [checkInvalidUsernamePassword] with [class java.lang.String, class java.lang.String].
For more information on native dependency injection please refer to https://testng.org/#_dependency_injection
at java.base/java.util.concurrent.Executors$RunnableAdapter.call(Executors.java:572)
at java.base/java.util.concurrent.FutureTask.run(FutureTask.java:317)
at java.base/java.util.concurrent.ThreadPoolExecutor.runWorker(ThreadPoolExecutor.java:1144)
at java.base/java.util.concurrent.ThreadPoolExecutor$Worker.run(ThreadPoolExecutor.java:642)
at java.base/java.lang.Thread.run(Thread.java:1570)
... Removed 12 stack frames]]>
    </failure>
  </testcase> <!-- checkInvalidUsernamePassword -->
  <testcase classname="tests.LoginTesCases" name="checkCorrectUsernamePassword" time="0.069">
    <skipped/>
  </testcase> <!-- checkCorrectUsernamePassword -->
  <testcase classname="tests.LoginTesCases" name="checkCorrectUsernamePassword" time="0.023">
    <skipped/>
  </testcase> <!-- checkCorrectUsernamePassword -->
  <testcase classname="tests.LoginTesCases" name="checkCorrectUsernamePassword" time="0.003">
    <skipped/>
  </testcase> <!-- checkCorrectUsernamePassword -->
  <testcase classname="tests.LoginTesCases" name="checkCorrectUsernamePassword" time="0.01">
    <failure type="java.lang.NullPointerException" message="Cannot invoke &amp;quot;org.openqa.selenium.SearchContext.findElement(org.openqa.selenium.By)&amp;quot; because &amp;quot;this.searchContext&amp;quot; is null">
      <![CDATA[java.lang.NullPointerException: Cannot invoke "org.openqa.selenium.SearchContext.findElement(org.openqa.selenium.By)" because "this.searchContext" is null
at org.openqa.selenium.support.pagefactory.DefaultElementLocator.findElement(DefaultElementLocator.java:68)
at org.openqa.selenium.support.pagefactory.internal.LocatingElementHandler.invoke(LocatingElementHandler.java:38)
at jdk.proxy2/jdk.proxy2.$Proxy18.sendKeys(Unknown Source)
at pageObject.LoginPageObject.setUsername(LoginPageObject.java:37)
at tests.LoginTesCases.checkCorrectUsernamePassword(LoginTesCases.java:107)
at java.base/java.util.concurrent.Executors$RunnableAdapter.call(Executors.java:572)
at java.base/java.util.concurrent.FutureTask.run(FutureTask.java:317)
at java.base/java.util.concurrent.ThreadPoolExecutor.runWorker(ThreadPoolExecutor.java:1144)
at java.base/java.util.concurrent.ThreadPoolExecutor$Worker.run(ThreadPoolExecutor.java:642)
at java.base/java.lang.Thread.run(Thread.java:1570)
... Removed 11 stack frames]]>
    </failure>
  </testcase> <!-- checkCorrectUsernamePassword -->
  <testcase classname="tests.HomeTestCases" name="VerifyBeforeLoginDSgetStarted" time="0.663"/>
  <testcase classname="tests.HomeTestCases" name="VerifyBeforeArraygetStarted" time="0.622"/>
  <testcase classname="tests.HomeTestCases" name="VerifyBeforeLinkedDSgetStarted" time="0.426"/>
  <testcase classname="tests.HomeTestCases" name="VerifyBeforeStackDSgetStarted" time="0.49"/>
  <testcase classname="tests.HomeTestCases" name="VerifyBeforeQueueDSgetStarted" time="0.505"/>
  <testcase classname="tests.DSIntroTestCases" name="DSintro" time="0.699"/>
  <testcase classname="tests.ArraysTestCases" name="clickArraysInPythonLink" time="1.424">
    <skipped/>
  </testcase> <!-- clickArraysInPythonLink -->
  <testcase classname="tests.HomeTestCases" name="VerifyBeforeTreeDSgetStarted" time="0.561"/>
  <testcase classname="tests.HomeTestCases" name="VerifyBeforeGraphDSgetStarted" time="0.484"/>
  <testcase classname="tests.DSIntroTestCases" name="TimeComplexityLink" time="1.153"/>
  <testcase classname="tests.HomeTestCases" name="clickRegisterLink" time="0.384"/>
  <testcase classname="tests.ArraysTestCases" name="clickArraysInPythonLink" time="1.097">
    <skipped/>
  </testcase> <!-- clickArraysInPythonLink -->
  <testcase classname="tests.DSIntroTestCases" name="DSintrotryhere" time="0.711"/>
  <testcase classname="tests.HomeTestCases" name="executeRegister" time="0.562"/>
  <testcase classname="tests.ArraysTestCases" name="clickArraysInPythonLink" time="0.753">
    <skipped/>
  </testcase> <!-- clickArraysInPythonLink -->
  <testcase classname="tests.DSIntroTestCases" name="executeImplementationTryHere" time="0.645"/>
  <testcase classname="tests.ArraysTestCases" name="clickArraysInPythonLink" time="0.802">
    <failure type="java.lang.AssertionError" message="expected [Arraysw in Python] but found [Arrays in Python]">
      <![CDATA[java.lang.AssertionError: expected [Arraysw in Python] but found [Arrays in Python]
at tests.ArraysTestCases.clickArraysInPythonLink(ArraysTestCases.java:53)
at java.base/java.util.concurrent.Executors$RunnableAdapter.call(Executors.java:572)
at java.base/java.util.concurrent.FutureTask.run(FutureTask.java:317)
at java.base/java.util.concurrent.ThreadPoolExecutor.runWorker(ThreadPoolExecutor.java:1144)
at java.base/java.util.concurrent.ThreadPoolExecutor$Worker.run(ThreadPoolExecutor.java:642)
at java.base/java.lang.Thread.run(Thread.java:1570)
... Removed 17 stack frames]]>
    </failure>
  </testcase> <!-- clickArraysInPythonLink -->
  <testcase classname="tests.HomeTestCases" name="user_clicks_on_sign_in_link" time="1.216"/>
  <testcase classname="tests.ArraysTestCases" name="clicksSubArraysInPythonLink" time="0.33"/>
  <testcase classname="tests.HomeTestCases" name="clicksGetStartedButton" time="0.412"/>
  <testcase classname="tests.HomeTestCases" name="checkArrayGetStartedButton" time="0.44"/>
  <testcase classname="tests.ArraysTestCases" name="clicksArraysPhythonTryHereLink" time="0.649"/>
  <testcase classname="tests.HomeTestCases" name="checkLinkedGetStartedButton" time="0.439"/>
  <testcase classname="tests.ArraysTestCases" name="checkArraysPhythonTryHereLink" time="0.522"/>
  <testcase classname="tests.HomeTestCases" name="checkStackGetStartedButton" time="0.554"/>
  <testcase classname="tests.HomeTestCases" name="checkQueueGetStartedButton" time="0.623"/>
  <testcase classname="tests.ArraysTestCases" name="clicksArraysUsingListLink" time="1.155"/>
  <testcase classname="tests.ArraysTestCases" name="clicksSubArraysUsingListLink" time="0.391"/>
  <testcase classname="tests.HomeTestCases" name="checkTreeGetStartedButton" time="0.564"/>
  <testcase classname="tests.ArraysTestCases" name="clicksArraysUsingTryHereLink" time="0.376"/>
  <testcase classname="tests.HomeTestCases" name="checkGraphGetStartedButton" time="0.465"/>
  <testcase classname="tests.ArraysTestCases" name="checkArraysUsingTryHereLink" time="0.52"/>
  <testcase classname="tests.ArraysTestCases" name="clicksBasicOperationsInListsLink" time="1.067"/>
  <testcase classname="tests.ArraysTestCases" name="clicksSubBasicOperationsInListsLink" time="0.383"/>
  <testcase classname="tests.ArraysTestCases" name="clicksBasicOperationsTryHereLink" time="0.382"/>
  <testcase classname="tests.ArraysTestCases" name="checkBasicOperationsTryHereLink" time="0.476"/>
  <testcase classname="tests.ArraysTestCases" name="clicksApplicationsOfArrayLink" time="1.528"/>
  <testcase classname="tests.ArraysTestCases" name="clicksSubApplicationsOfArrayLink" time="0.331"/>
  <testcase classname="tests.ArraysTestCases" name="clickApplicationArrayTryHereLink" time="0.36"/>
  <testcase classname="tests.ArraysTestCases" name="checkApplicationArrayTryHereLink" time="0.547"/>
  <testcase classname="tests.ArraysTestCases" name="clicksSubPracticeLink" time="1.471"/>
  <testcase classname="tests.ArraysTestCases" name="VerifySearchArrayLink" time="0.4"/>
  <testcase classname="tests.ArraysTestCases" name="executeClicksSearchArrayLink" time="0.579"/>
  <testcase classname="tests.ArraysTestCases" name="verifyClicksMaxConsecutiveOnesLink" time="1.597"/>
  <testcase classname="tests.ArraysTestCases" name="executeClicksMaxConsecutiveOnesLink" time="0.601"/>
  <testcase classname="tests.ArraysTestCases" name="verifyClicksFindEvenLink" time="1.605"/>
  <testcase classname="tests.ArraysTestCases" name="executeClicksFindEvenLink" time="0.768"/>
  <testcase classname="tests.ArraysTestCases" name="verifySortedArrayLink" time="1.802"/>
  <testcase classname="tests.ArraysTestCases" name="executeClicksSortedArrayLink" time="0.798"/>
</testsuite> <!-- TestChrome -->
