<?xml version="1.0" encoding="UTF-8"?>
<!-- Generated by org.testng.reporters.JUnitXMLReporter -->
<testsuite ignored="2" hostname="Joanna" failures="0" tests="108" name="TestChrome1" time="32.362" errors="0" timestamp="2024-12-13T21:59:53 GMT-05:00">
  <testcase classname="tests.QueueTestcases" name="user_clicks_on_implement_queue_link" time="1.212"/>
  <testcase classname="tests.LinkedListCases" name="clicksIntroductionLink" time="1.455"/>
  <testcase classname="tests.TreeTestCases" name="user_clicks_on_tree_overview_link" time="1.523"/>
  <testcase classname="tests.QueueTestcases" name="user_clicks_sub_implement_queue_link" time="0.575"/>
  <testcase classname="tests.GraphTestCases" name="user_clicks_on_graph_link" time="1.601"/>
  <testcase classname="tests.LinkedListCases" name="clicksSubIntroductionLink" time="0.675"/>
  <testcase classname="tests.TreeTestCases" name="user_clicks_sub_tree_overview_link" time="0.479"/>
  <testcase classname="tests.GraphTestCases" name="user_clicks_on_sub_graph_link" time="0.402"/>
  <testcase classname="tests.QueueTestcases" name="clicksubImplementQueueTryHere" time="0.752"/>
  <testcase classname="tests.LinkedListCases" name="clicksSubIntroductionLinkTryHere" time="0.737"/>
  <testcase classname="tests.TreeTestCases" name="clicksTreeOverviewLinkTryHere" time="0.84"/>
  <testcase classname="tests.GraphTestCases" name="clicksGraphLinkTryHere" time="0.836"/>
  <testcase classname="tests.QueueTestcases" name="executeImpleQueueTryHere" time="0.878"/>
  <testcase classname="tests.LinkedListCases" name="executeSubIntroductionLinkTryHere" time="0.823"/>
  <testcase classname="tests.TreeTestCases" name="executeTreeOverviewLinkTryHere" time="0.832"/>
  <testcase classname="tests.GraphTestCases" name="executeGraphLinkTryHere" time="1.347"/>
  <testcase classname="tests.QueueTestcases" name="user_clicks_on_implement_de_que_link" time="1.18"/>
  <testcase classname="tests.LinkedListCases" name="clicksCreateLinkedListLink" time="1.245"/>
  <testcase classname="tests.TreeTestCases" name="user_clicks_on_terminologies_link" time="1.075"/>
  <testcase classname="tests.QueueTestcases" name="user_clicks_sub_implement_de_que_link" time="0.33"/>
  <testcase classname="tests.LinkedListCases" name="clicksSubCreatingLinkedListLink" time="0.282"/>
  <testcase classname="tests.TreeTestCases" name="user_clicks_sub_terminologies_link" time="0.272"/>
  <testcase classname="tests.QueueTestcases" name="clicksubImplementDeQueueTryHere" time="0.297"/>
  <testcase classname="tests.LinkedListCases" name="clicksSubCreatingLinkTryHere" time="0.316"/>
  <testcase classname="tests.GraphTestCases" name="user_clicks_on_graph_represent_link" time="0.838"/>
  <testcase classname="tests.TreeTestCases" name="clicksTreeTerminologyLinkTryHere" time="0.326"/>
  <testcase classname="tests.GraphTestCases" name="user_clicks_on_sub_graph_represent_link" time="0.237"/>
  <testcase classname="tests.QueueTestcases" name="executeImpleDeQueueTryHere" time="0.45"/>
  <testcase classname="tests.LinkedListCases" name="executeSubCreatingLinkTryHere" time="0.416"/>
  <testcase classname="tests.GraphTestCases" name="clicksGraphRepresentLinkTryHere" time="0.275"/>
  <testcase classname="tests.TreeTestCases" name="executeTreeTerminologyLinkTryHere" time="0.468"/>
  <testcase classname="tests.GraphTestCases" name="executeGraphRepresentLinkTryHere" time="0.539"/>
  <testcase classname="tests.QueueTestcases" name="user_clicks_on_implement_array_link" time="0.871"/>
  <testcase classname="tests.LinkedListCases" name="clicksTypesLinkedLink" time="0.892"/>
  <testcase classname="tests.QueueTestcases" name="user_clicks_Sub_implement_array_link" time="0.306"/>
  <testcase classname="tests.TreeTestCases" name="user_clicks_on_types_trees_link" time="0.922"/>
  <testcase classname="tests.LinkedListCases" name="clicksSubTypesOfLinkedListLink" time="0.317"/>
  <testcase classname="tests.TreeTestCases" name="user_clicks_sub_types_trees_link" time="0.394"/>
  <testcase classname="tests.QueueTestcases" name="clicksubImplementArrayTryHere" time="0.424"/>
  <testcase classname="tests.LinkedListCases" name="clicksSubTypesOfLinkTryHere" time="0.39"/>
  <testcase classname="tests.GraphTestCases" name="user_clicks_on_graph_practice_test_link" time="1.18"/>
  <testcase classname="tests.TreeTestCases" name="clicksTreeTypesOfLinkTryHere" time="0.331"/>
  <testcase classname="tests.QueueTestcases" name="executeImpleArrayTryHere" time="0.452"/>
  <testcase classname="tests.LinkedListCases" name="executeSubTypesOfLinkTryHere" time="0.428"/>
  <testcase classname="tests.TreeTestCases" name="executeTreeTypesOfLinkTryHere" time="0.354"/>
  <testcase classname="tests.QueueTestcases" name="user_clicks_on_queue_operation_link" time="1.027"/>
  <testcase classname="tests.LinkedListCases" name="clicksImplementLinkedLink" time="1.357"/>
  <testcase classname="tests.TreeTestCases" name="user_clicks_on_traversals_link" time="1.221"/>
  <testcase classname="tests.QueueTestcases" name="user_clicks_sub_queue_operation_link" time="0.416"/>
  <testcase classname="tests.LinkedListCases" name="user_clicks_on_sub_implement_link" time="0.358"/>
  <testcase classname="tests.TreeTestCases" name="user_clicks_sub_traversals_link" time="0.356"/>
  <testcase classname="tests.QueueTestcases" name="clicksubQueueOperationsTryHere" time="0.504"/>
  <testcase classname="tests.LinkedListCases" name="clicksSubImplementLinkTryHere" time="0.429"/>
  <testcase classname="tests.TreeTestCases" name="clicksTreeTraversalLinkTryHere" time="0.436"/>
  <testcase classname="tests.QueueTestcases" name="executeQueueOperationsTryHere" time="0.44"/>
  <testcase classname="tests.LinkedListCases" name="executeSubImplementLinkTryHere" time="0.355"/>
  <testcase classname="tests.TreeTestCases" name="executeTreeTraversalLinkTryHere" time="0.389"/>
  <testcase classname="tests.LinkedListCases" name="clicksTraversalLinkedListLink" time="0.759"/>
  <testcase classname="tests.TreeTestCases" name="user_clicks_on_illustration_link" time="0.731"/>
  <testcase classname="tests.QueueTestcases" name="user_clicks_on_queue_practise_test_link" time="0.997"/>
  <testcase classname="tests.LinkedListCases" name="user_clicks_on_traverse_sub_linked_list_link" time="0.263"/>
  <testcase classname="tests.TreeTestCases" name="user_clicks_sub_illustration_link" time="0.222"/>
  <testcase classname="tests.LinkedListCases" name="clicksSubTraversalLinkTryHere" time="0.35"/>
  <testcase classname="tests.TreeTestCases" name="clicksTreeIllustrationLinkTryHere" time="0.359"/>
  <testcase classname="tests.LinkedListCases" name="executeSubTraversalLinkTryHere" time="0.42"/>
  <testcase classname="tests.TreeTestCases" name="executeTreeIllustrationLinkTryHere" time="0.436"/>
  <testcase classname="tests.LinkedListCases" name="clicksInsertLinkedListLink" time="0.708"/>
  <testcase classname="tests.TreeTestCases" name="user_clicks_on_binary_tree_link" time="0.697"/>
  <testcase classname="tests.LinkedListCases" name="user_clicks_on_sub_insert_linked_list_link" time="0.221"/>
  <testcase classname="tests.TreeTestCases" name="user_clicks_sub_binary_tree_link" time="0.218"/>
  <testcase classname="tests.LinkedListCases" name="clicksSubInsertLinkTryHere" time="0.269"/>
  <testcase classname="tests.TreeTestCases" name="clicksTreeBinaryTreeLinkTryHere" time="0.278"/>
  <testcase classname="tests.LinkedListCases" name="executeInsertOfLinkTryHere" time="0.309"/>
  <testcase classname="tests.TreeTestCases" name="executeTreeBinaryTreeLinkTryHere" time="0.333"/>
  <testcase classname="tests.LinkedListCases" name="clicksDeleteLinkedListLink" time="0.773"/>
  <testcase classname="tests.TreeTestCases" name="user_clicks_on_types_binary_link" time="0.81"/>
  <testcase classname="tests.LinkedListCases" name="user_clicks_on_sub_delete_linked_list_link" time="0.266"/>
  <testcase classname="tests.TreeTestCases" name="user_clicks_sub_types_binary_link" time="0.237"/>
  <testcase classname="tests.LinkedListCases" name="clicksSubDeleteLinkTryHere" time="0.301"/>
  <testcase classname="tests.TreeTestCases" name="clicksTreeTypesBinaryLinkTryHere" time="0.318"/>
  <testcase classname="tests.LinkedListCases" name="executeSubDeleteLinkTryHere" time="0.377"/>
  <testcase classname="tests.TreeTestCases" name="executeTreeTypesBinaryLinkTryHere" time="0.36"/>
  <testcase classname="tests.TreeTestCases" name="user_clicks_on_impl_python_link" time="0.698"/>
  <testcase classname="tests.LinkedListCases" name="user_clicks_on_sub_linked_practice_question_link" time="0.962"/>
  <testcase classname="tests.TreeTestCases" name="user_clicks_sub_impl_python_link" time="0.309"/>
  <testcase classname="tests.TreeTestCases" name="clicksTreeImplPythonLinkTryHere" time="0.297"/>
  <testcase classname="tests.TreeTestCases" name="executeTreeImplPythonLinkTryHere" time="0.447"/>
  <testcase classname="tests.TreeTestCases" name="user_clicks_on_binary_traversals_link" time="0.764"/>
  <testcase classname="tests.TreeTestCases" name="user_clicks_sub_binary_traversals_link" time="0.249"/>
  <testcase classname="tests.TreeTestCases" name="clicksTreeBinaryTraversalLinkTryHere" time="0.308"/>
  <testcase classname="tests.TreeTestCases" name="executeTreeBinaryTraversalLinkTryHere" time="0.398"/>
  <testcase classname="tests.TreeTestCases" name="user_clicks_on_impl_binary_trees_link" time="0.649"/>
  <testcase classname="tests.TreeTestCases" name="user_clicks_sub_impl_binary_trees_link" time="0.223"/>
  <testcase classname="tests.TreeTestCases" name="clicksTreeImplBinaryLinkTryHere" time="0.33"/>
  <testcase classname="tests.TreeTestCases" name="executeTreeImplBinaryLinkTryHere" time="0.416"/>
  <testcase classname="tests.TreeTestCases" name="user_clicks_on_appl_binary_tree_link" time="0.604"/>
  <testcase classname="tests.TreeTestCases" name="user_clicks_sub_appl_binary_tree_link" time="0.248"/>
  <testcase classname="tests.TreeTestCases" name="clicksTreeApplBinaryLinkTryHere" time="0.307"/>
  <testcase classname="tests.TreeTestCases" name="executeTreeTreeApplBinaryLinkTryHere" time="0.451"/>
  <testcase classname="tests.TreeTestCases" name="user_clicks_on_binary_search_link" time="0.98"/>
  <testcase classname="tests.TreeTestCases" name="user_clicks_sub_binary_search_link" time="0.32"/>
  <testcase classname="tests.TreeTestCases" name="clicksTreeBinarySearchLinkTryHere" time="0.384"/>
  <testcase classname="tests.TreeTestCases" name="executeTreeBinarySearchLinkTryHere" time="0.463"/>
  <testcase classname="tests.TreeTestCases" name="user_clicks_on_impl_binary_search_link" time="0.685"/>
  <testcase classname="tests.TreeTestCases" name="user_clicks_sub_impl_binary_search_link" time="0.261"/>
  <testcase classname="tests.TreeTestCases" name="clicksTreeimplBinSearchLinkTryHere" time="0.337"/>
  <testcase classname="tests.TreeTestCases" name="executeTreeimplBinSearchLinkTryHere" time="0.488"/>
  <testcase classname="tests.TreeTestCases" name="user_clicks_on_tree_practice_questions_link" time="1.084"/>
  <testcase classname="tests.BaseCases" name="@BeforeSuite setUp" time="0.0">
    <ignored/>
  </testcase> <!-- @BeforeSuite setUp -->
  <testcase classname="tests.BaseCases" name="@BeforeSuite setUp" time="0.0">
    <ignored/>
  </testcase> <!-- @BeforeSuite setUp -->
</testsuite> <!-- TestChrome1 -->
