<?xml version="1.0" encoding="UTF-8"?>
<!-- Generated by org.testng.reporters.JUnitXMLReporter -->
<testsuite ignored="5" hostname="Joanna" failures="0" tests="108" name="TestChrome1" time="9.608" errors="0" timestamp="2024-12-13T10:58:42 GMT-05:00">
  <testcase classname="tests.TreeTestCases" name="user_clicks_on_tree_overview_link" time="0.0">
    <skipped/>
  </testcase> <!-- user_clicks_on_tree_overview_link -->
  <testcase classname="tests.TreeTestCases" name="user_clicks_sub_tree_overview_link" time="0.0">
    <skipped/>
  </testcase> <!-- user_clicks_sub_tree_overview_link -->
  <testcase classname="tests.GraphTestCases" name="user_clicks_on_graph_link" time="0.0">
    <skipped/>
  </testcase> <!-- user_clicks_on_graph_link -->
  <testcase classname="tests.GraphTestCases" name="user_clicks_on_sub_graph_link" time="0.0">
    <skipped/>
  </testcase> <!-- user_clicks_on_sub_graph_link -->
  <testcase classname="tests.LinkedListCases" name="clicksIntroductionLink" time="0.0">
    <skipped/>
  </testcase> <!-- clicksIntroductionLink -->
  <testcase classname="tests.GraphTestCases" name="clicksGraphLinkTryHere" time="0.0">
    <skipped/>
  </testcase> <!-- clicksGraphLinkTryHere -->
  <testcase classname="tests.TreeTestCases" name="clicksTreeOverviewLinkTryHere" time="0.0">
    <skipped/>
  </testcase> <!-- clicksTreeOverviewLinkTryHere -->
  <testcase classname="tests.LinkedListCases" name="clicksSubIntroductionLink" time="0.0">
    <skipped/>
  </testcase> <!-- clicksSubIntroductionLink -->
  <testcase classname="tests.LinkedListCases" name="clicksSubIntroductionLinkTryHere" time="0.0">
    <skipped/>
  </testcase> <!-- clicksSubIntroductionLinkTryHere -->
  <testcase classname="tests.TreeTestCases" name="executeTreeOverviewLinkTryHere" time="0.0">
    <skipped/>
  </testcase> <!-- executeTreeOverviewLinkTryHere -->
  <testcase classname="tests.LinkedListCases" name="executeSubIntroductionLinkTryHere" time="0.0">
    <skipped/>
  </testcase> <!-- executeSubIntroductionLinkTryHere -->
  <testcase classname="tests.GraphTestCases" name="executeGraphLinkTryHere" time="0.0">
    <skipped/>
  </testcase> <!-- executeGraphLinkTryHere -->
  <testcase classname="tests.TreeTestCases" name="user_clicks_on_terminologies_link" time="0.0">
    <skipped/>
  </testcase> <!-- user_clicks_on_terminologies_link -->
  <testcase classname="tests.LinkedListCases" name="clicksCreateLinkedListLink" time="0.0">
    <skipped/>
  </testcase> <!-- clicksCreateLinkedListLink -->
  <testcase classname="tests.GraphTestCases" name="user_clicks_on_graph_represent_link" time="0.0">
    <skipped/>
  </testcase> <!-- user_clicks_on_graph_represent_link -->
  <testcase classname="tests.TreeTestCases" name="user_clicks_sub_terminologies_link" time="0.0">
    <skipped/>
  </testcase> <!-- user_clicks_sub_terminologies_link -->
  <testcase classname="tests.TreeTestCases" name="clicksTreeTerminologyLinkTryHere" time="0.0">
    <skipped/>
  </testcase> <!-- clicksTreeTerminologyLinkTryHere -->
  <testcase classname="tests.GraphTestCases" name="user_clicks_on_sub_graph_represent_link" time="0.0">
    <skipped/>
  </testcase> <!-- user_clicks_on_sub_graph_represent_link -->
  <testcase classname="tests.LinkedListCases" name="clicksSubCreatingLinkedListLink" time="0.0">
    <skipped/>
  </testcase> <!-- clicksSubCreatingLinkedListLink -->
  <testcase classname="tests.TreeTestCases" name="executeTreeTerminologyLinkTryHere" time="0.001">
    <skipped/>
  </testcase> <!-- executeTreeTerminologyLinkTryHere -->
  <testcase classname="tests.LinkedListCases" name="clicksSubCreatingLinkTryHere" time="0.0">
    <skipped/>
  </testcase> <!-- clicksSubCreatingLinkTryHere -->
  <testcase classname="tests.GraphTestCases" name="clicksGraphRepresentLinkTryHere" time="0.0">
    <skipped/>
  </testcase> <!-- clicksGraphRepresentLinkTryHere -->
  <testcase classname="tests.TreeTestCases" name="user_clicks_on_types_trees_link" time="0.0">
    <skipped/>
  </testcase> <!-- user_clicks_on_types_trees_link -->
  <testcase classname="tests.TreeTestCases" name="user_clicks_sub_types_trees_link" time="0.0">
    <skipped/>
  </testcase> <!-- user_clicks_sub_types_trees_link -->
  <testcase classname="tests.LinkedListCases" name="executeSubCreatingLinkTryHere" time="0.0">
    <skipped/>
  </testcase> <!-- executeSubCreatingLinkTryHere -->
  <testcase classname="tests.GraphTestCases" name="executeGraphRepresentLinkTryHere" time="0.0">
    <skipped/>
  </testcase> <!-- executeGraphRepresentLinkTryHere -->
  <testcase classname="tests.TreeTestCases" name="clicksTreeTypesOfLinkTryHere" time="0.0">
    <skipped/>
  </testcase> <!-- clicksTreeTypesOfLinkTryHere -->
  <testcase classname="tests.LinkedListCases" name="clicksTypesLinkedLink" time="0.0">
    <skipped/>
  </testcase> <!-- clicksTypesLinkedLink -->
  <testcase classname="tests.GraphTestCases" name="user_clicks_on_graph_practice_test_link" time="0.0">
    <skipped/>
  </testcase> <!-- user_clicks_on_graph_practice_test_link -->
  <testcase classname="tests.TreeTestCases" name="executeTreeTypesOfLinkTryHere" time="0.0">
    <skipped/>
  </testcase> <!-- executeTreeTypesOfLinkTryHere -->
  <testcase classname="tests.LinkedListCases" name="clicksSubTypesOfLinkedListLink" time="0.0">
    <skipped/>
  </testcase> <!-- clicksSubTypesOfLinkedListLink -->
  <testcase classname="tests.LinkedListCases" name="clicksSubTypesOfLinkTryHere" time="0.0">
    <skipped/>
  </testcase> <!-- clicksSubTypesOfLinkTryHere -->
  <testcase classname="tests.LinkedListCases" name="executeSubTypesOfLinkTryHere" time="0.0">
    <skipped/>
  </testcase> <!-- executeSubTypesOfLinkTryHere -->
  <testcase classname="tests.LinkedListCases" name="clicksImplementLinkedLink" time="0.0">
    <skipped/>
  </testcase> <!-- clicksImplementLinkedLink -->
  <testcase classname="tests.LinkedListCases" name="user_clicks_on_sub_implement_link" time="0.0">
    <skipped/>
  </testcase> <!-- user_clicks_on_sub_implement_link -->
  <testcase classname="tests.TreeTestCases" name="user_clicks_on_traversals_link" time="0.0">
    <skipped/>
  </testcase> <!-- user_clicks_on_traversals_link -->
  <testcase classname="tests.LinkedListCases" name="clicksSubImplementLinkTryHere" time="0.0">
    <skipped/>
  </testcase> <!-- clicksSubImplementLinkTryHere -->
  <testcase classname="tests.TreeTestCases" name="user_clicks_sub_traversals_link" time="0.0">
    <skipped/>
  </testcase> <!-- user_clicks_sub_traversals_link -->
  <testcase classname="tests.TreeTestCases" name="clicksTreeTraversalLinkTryHere" time="0.0">
    <skipped/>
  </testcase> <!-- clicksTreeTraversalLinkTryHere -->
  <testcase classname="tests.LinkedListCases" name="executeSubImplementLinkTryHere" time="0.0">
    <skipped/>
  </testcase> <!-- executeSubImplementLinkTryHere -->
  <testcase classname="tests.TreeTestCases" name="executeTreeTraversalLinkTryHere" time="0.0">
    <skipped/>
  </testcase> <!-- executeTreeTraversalLinkTryHere -->
  <testcase classname="tests.LinkedListCases" name="clicksTraversalLinkedListLink" time="0.0">
    <skipped/>
  </testcase> <!-- clicksTraversalLinkedListLink -->
  <testcase classname="tests.TreeTestCases" name="user_clicks_on_illustration_link" time="0.0">
    <skipped/>
  </testcase> <!-- user_clicks_on_illustration_link -->
  <testcase classname="tests.TreeTestCases" name="user_clicks_sub_illustration_link" time="0.0">
    <skipped/>
  </testcase> <!-- user_clicks_sub_illustration_link -->
  <testcase classname="tests.TreeTestCases" name="clicksTreeIllustrationLinkTryHere" time="0.0">
    <skipped/>
  </testcase> <!-- clicksTreeIllustrationLinkTryHere -->
  <testcase classname="tests.LinkedListCases" name="user_clicks_on_traverse_sub_linked_list_link" time="0.0">
    <skipped/>
  </testcase> <!-- user_clicks_on_traverse_sub_linked_list_link -->
  <testcase classname="tests.TreeTestCases" name="executeTreeIllustrationLinkTryHere" time="0.0">
    <skipped/>
  </testcase> <!-- executeTreeIllustrationLinkTryHere -->
  <testcase classname="tests.LinkedListCases" name="clicksSubTraversalLinkTryHere" time="0.0">
    <skipped/>
  </testcase> <!-- clicksSubTraversalLinkTryHere -->
  <testcase classname="tests.TreeTestCases" name="user_clicks_on_binary_tree_link" time="0.0">
    <skipped/>
  </testcase> <!-- user_clicks_on_binary_tree_link -->
  <testcase classname="tests.LinkedListCases" name="executeSubTraversalLinkTryHere" time="0.0">
    <skipped/>
  </testcase> <!-- executeSubTraversalLinkTryHere -->
  <testcase classname="tests.TreeTestCases" name="user_clicks_sub_binary_tree_link" time="0.0">
    <skipped/>
  </testcase> <!-- user_clicks_sub_binary_tree_link -->
  <testcase classname="tests.LinkedListCases" name="clicksInsertLinkedListLink" time="0.0">
    <skipped/>
  </testcase> <!-- clicksInsertLinkedListLink -->
  <testcase classname="tests.TreeTestCases" name="clicksTreeBinaryTreeLinkTryHere" time="0.0">
    <skipped/>
  </testcase> <!-- clicksTreeBinaryTreeLinkTryHere -->
  <testcase classname="tests.LinkedListCases" name="user_clicks_on_sub_insert_linked_list_link" time="0.0">
    <skipped/>
  </testcase> <!-- user_clicks_on_sub_insert_linked_list_link -->
  <testcase classname="tests.TreeTestCases" name="executeTreeBinaryTreeLinkTryHere" time="0.0">
    <skipped/>
  </testcase> <!-- executeTreeBinaryTreeLinkTryHere -->
  <testcase classname="tests.LinkedListCases" name="clicksSubInsertLinkTryHere" time="0.0">
    <skipped/>
  </testcase> <!-- clicksSubInsertLinkTryHere -->
  <testcase classname="tests.TreeTestCases" name="user_clicks_on_types_binary_link" time="0.0">
    <skipped/>
  </testcase> <!-- user_clicks_on_types_binary_link -->
  <testcase classname="tests.TreeTestCases" name="user_clicks_sub_types_binary_link" time="0.0">
    <skipped/>
  </testcase> <!-- user_clicks_sub_types_binary_link -->
  <testcase classname="tests.TreeTestCases" name="clicksTreeTypesBinaryLinkTryHere" time="0.0">
    <skipped/>
  </testcase> <!-- clicksTreeTypesBinaryLinkTryHere -->
  <testcase classname="tests.TreeTestCases" name="executeTreeTypesBinaryLinkTryHere" time="0.0">
    <skipped/>
  </testcase> <!-- executeTreeTypesBinaryLinkTryHere -->
  <testcase classname="tests.TreeTestCases" name="user_clicks_on_impl_python_link" time="0.0">
    <skipped/>
  </testcase> <!-- user_clicks_on_impl_python_link -->
  <testcase classname="tests.LinkedListCases" name="executeInsertOfLinkTryHere" time="0.001">
    <skipped/>
  </testcase> <!-- executeInsertOfLinkTryHere -->
  <testcase classname="tests.TreeTestCases" name="user_clicks_sub_impl_python_link" time="0.0">
    <skipped/>
  </testcase> <!-- user_clicks_sub_impl_python_link -->
  <testcase classname="tests.TreeTestCases" name="clicksTreeImplPythonLinkTryHere" time="0.0">
    <skipped/>
  </testcase> <!-- clicksTreeImplPythonLinkTryHere -->
  <testcase classname="tests.LinkedListCases" name="clicksDeleteLinkedListLink" time="0.0">
    <skipped/>
  </testcase> <!-- clicksDeleteLinkedListLink -->
  <testcase classname="tests.TreeTestCases" name="executeTreeImplPythonLinkTryHere" time="0.0">
    <skipped/>
  </testcase> <!-- executeTreeImplPythonLinkTryHere -->
  <testcase classname="tests.TreeTestCases" name="user_clicks_on_binary_traversals_link" time="0.0">
    <skipped/>
  </testcase> <!-- user_clicks_on_binary_traversals_link -->
  <testcase classname="tests.LinkedListCases" name="user_clicks_on_sub_delete_linked_list_link" time="0.0">
    <skipped/>
  </testcase> <!-- user_clicks_on_sub_delete_linked_list_link -->
  <testcase classname="tests.TreeTestCases" name="user_clicks_sub_binary_traversals_link" time="0.0">
    <skipped/>
  </testcase> <!-- user_clicks_sub_binary_traversals_link -->
  <testcase classname="tests.TreeTestCases" name="clicksTreeBinaryTraversalLinkTryHere" time="0.0">
    <skipped/>
  </testcase> <!-- clicksTreeBinaryTraversalLinkTryHere -->
  <testcase classname="tests.LinkedListCases" name="clicksSubDeleteLinkTryHere" time="0.0">
    <skipped/>
  </testcase> <!-- clicksSubDeleteLinkTryHere -->
  <testcase classname="tests.TreeTestCases" name="executeTreeBinaryTraversalLinkTryHere" time="0.0">
    <skipped/>
  </testcase> <!-- executeTreeBinaryTraversalLinkTryHere -->
  <testcase classname="tests.TreeTestCases" name="user_clicks_on_impl_binary_trees_link" time="0.0">
    <skipped/>
  </testcase> <!-- user_clicks_on_impl_binary_trees_link -->
  <testcase classname="tests.TreeTestCases" name="user_clicks_sub_impl_binary_trees_link" time="0.0">
    <skipped/>
  </testcase> <!-- user_clicks_sub_impl_binary_trees_link -->
  <testcase classname="tests.TreeTestCases" name="clicksTreeImplBinaryLinkTryHere" time="0.0">
    <skipped/>
  </testcase> <!-- clicksTreeImplBinaryLinkTryHere -->
  <testcase classname="tests.TreeTestCases" name="executeTreeImplBinaryLinkTryHere" time="0.0">
    <skipped/>
  </testcase> <!-- executeTreeImplBinaryLinkTryHere -->
  <testcase classname="tests.LinkedListCases" name="executeSubDeleteLinkTryHere" time="0.0">
    <skipped/>
  </testcase> <!-- executeSubDeleteLinkTryHere -->
  <testcase classname="tests.TreeTestCases" name="user_clicks_on_appl_binary_tree_link" time="0.0">
    <skipped/>
  </testcase> <!-- user_clicks_on_appl_binary_tree_link -->
  <testcase classname="tests.LinkedListCases" name="user_clicks_on_sub_linked_practice_question_link" time="0.0">
    <skipped/>
  </testcase> <!-- user_clicks_on_sub_linked_practice_question_link -->
  <testcase classname="tests.TreeTestCases" name="user_clicks_sub_appl_binary_tree_link" time="0.0">
    <skipped/>
  </testcase> <!-- user_clicks_sub_appl_binary_tree_link -->
  <testcase classname="tests.TreeTestCases" name="clicksTreeApplBinaryLinkTryHere" time="0.0">
    <skipped/>
  </testcase> <!-- clicksTreeApplBinaryLinkTryHere -->
  <testcase classname="tests.TreeTestCases" name="executeTreeTreeApplBinaryLinkTryHere" time="0.0">
    <skipped/>
  </testcase> <!-- executeTreeTreeApplBinaryLinkTryHere -->
  <testcase classname="tests.TreeTestCases" name="user_clicks_on_binary_search_link" time="0.0">
    <skipped/>
  </testcase> <!-- user_clicks_on_binary_search_link -->
  <testcase classname="tests.TreeTestCases" name="user_clicks_sub_binary_search_link" time="0.0">
    <skipped/>
  </testcase> <!-- user_clicks_sub_binary_search_link -->
  <testcase classname="tests.TreeTestCases" name="clicksTreeBinarySearchLinkTryHere" time="0.0">
    <skipped/>
  </testcase> <!-- clicksTreeBinarySearchLinkTryHere -->
  <testcase classname="tests.TreeTestCases" name="executeTreeBinarySearchLinkTryHere" time="0.0">
    <skipped/>
  </testcase> <!-- executeTreeBinarySearchLinkTryHere -->
  <testcase classname="tests.TreeTestCases" name="user_clicks_on_impl_binary_search_link" time="0.0">
    <skipped/>
  </testcase> <!-- user_clicks_on_impl_binary_search_link -->
  <testcase classname="tests.TreeTestCases" name="user_clicks_sub_impl_binary_search_link" time="0.0">
    <skipped/>
  </testcase> <!-- user_clicks_sub_impl_binary_search_link -->
  <testcase classname="tests.TreeTestCases" name="clicksTreeimplBinSearchLinkTryHere" time="0.0">
    <skipped/>
  </testcase> <!-- clicksTreeimplBinSearchLinkTryHere -->
  <testcase classname="tests.TreeTestCases" name="executeTreeimplBinSearchLinkTryHere" time="0.0">
    <skipped/>
  </testcase> <!-- executeTreeimplBinSearchLinkTryHere -->
  <testcase classname="tests.TreeTestCases" name="user_clicks_on_tree_practice_questions_link" time="0.0">
    <skipped/>
  </testcase> <!-- user_clicks_on_tree_practice_questions_link -->
  <testcase classname="tests.QueueTestcases" name="user_clicks_on_implement_queue_link" time="0.817"/>
  <testcase classname="tests.QueueTestcases" name="user_clicks_sub_implement_queue_link" time="0.215"/>
  <testcase classname="tests.QueueTestcases" name="clicksubImplementQueueTryHere" time="0.583"/>
  <testcase classname="tests.QueueTestcases" name="executeImpleQueueTryHere" time="0.434"/>
  <testcase classname="tests.QueueTestcases" name="user_clicks_on_implement_de_que_link" time="0.709"/>
  <testcase classname="tests.QueueTestcases" name="user_clicks_sub_implement_de_que_link" time="0.223"/>
  <testcase classname="tests.QueueTestcases" name="clicksubImplementDeQueueTryHere" time="0.3"/>
  <testcase classname="tests.QueueTestcases" name="executeImpleDeQueueTryHere" time="0.349"/>
  <testcase classname="tests.QueueTestcases" name="user_clicks_on_implement_array_link" time="0.634"/>
  <testcase classname="tests.QueueTestcases" name="user_clicks_Sub_implement_array_link" time="0.228"/>
  <testcase classname="tests.QueueTestcases" name="clicksubImplementArrayTryHere" time="0.267"/>
  <testcase classname="tests.QueueTestcases" name="executeImpleArrayTryHere" time="0.291"/>
  <testcase classname="tests.QueueTestcases" name="user_clicks_on_queue_operation_link" time="0.725"/>
  <testcase classname="tests.QueueTestcases" name="user_clicks_sub_queue_operation_link" time="0.21"/>
  <testcase classname="tests.QueueTestcases" name="clicksubQueueOperationsTryHere" time="0.306"/>
  <testcase classname="tests.QueueTestcases" name="executeQueueOperationsTryHere" time="0.379"/>
  <testcase classname="tests.QueueTestcases" name="user_clicks_on_queue_practise_test_link" time="0.926"/>
  <testcase classname="tests.BaseCases" name="@BeforeSuite setUp" time="0.0">
    <ignored/>
  </testcase> <!-- @BeforeSuite setUp -->
  <testcase classname="tests.BaseCases" name="@AfterSuite tearDown" time="0.0">
    <ignored/>
  </testcase> <!-- @AfterSuite tearDown -->
  <testcase classname="tests.BaseCases" name="@AfterSuite tearDown" time="0.0">
    <ignored/>
  </testcase> <!-- @AfterSuite tearDown -->
  <testcase classname="tests.BaseCases" name="@AfterSuite tearDown" time="0.0">
    <ignored/>
  </testcase> <!-- @AfterSuite tearDown -->
  <testcase classname="tests.BaseCases" name="@BeforeSuite setUp" time="0.0">
    <ignored/>
  </testcase> <!-- @BeforeSuite setUp -->
</testsuite> <!-- TestChrome1 -->
