<?xml version="1.0" encoding="UTF-8"?>
<!-- Generated by org.testng.reporters.JUnitXMLReporter -->
<testsuite ignored="0" hostname="Joanna" failures="2" tests="48" name="TestChrome" time="32.408" errors="0" timestamp="2024-12-15T22:03:25 GMT-05:00">
  <testcase classname="tests.LoginTesCases" name="@AfterClass user_clicks_on_logout_link" time="0.177">
    <failure type="org.openqa.selenium.NoSuchElementException" message="no such element: Unable to locate element: {&amp;quot;method&amp;quot;:&amp;quot;link text&amp;quot;,&amp;quot;selector&amp;quot;:&amp;quot;Sign out&amp;quot;}
  (Session info: chrome=131.0.6778.140)
For documentation on this error, please visit: https://www.selenium.dev/documentation/webdriver/troubleshooting/errors#no-such-element-exception
Build info: version: &amp;apos;4.23.1&amp;apos;, revision: &amp;apos;656257d8e9&amp;apos;
System info: os.name: &amp;apos;Windows 11&amp;apos;, os.arch: &amp;apos;amd64&amp;apos;, os.version: &amp;apos;10.0&amp;apos;, java.version: &amp;apos;22.0.2&amp;apos;
Driver info: org.openqa.selenium.chrome.ChromeDriver
Command: [00120a666311999588f2312dc15844a4, findElement {using=link text, value=Sign out}]
Capabilities {acceptInsecureCerts: false, browserName: chrome, browserVersion: 131.0.6778.140, chrome: {chromedriverVersion: 131.0.6778.108 (3b014839fbc..., userDataDir: C:\Users\golda\AppData\Loca...}, fedcm:accounts: true, goog:chromeOptions: {debuggerAddress: localhost:54484}, networkConnectionEnabled: false, pageLoadStrategy: normal, platformName: windows, proxy: Proxy(), se:cdp: ws://localhost:54484/devtoo..., se:cdpVersion: 131.0.6778.140, setWindowRect: true, strictFileInteractability: false, timeouts: {implicit: 0, pageLoad: 300000, script: 30000}, unhandledPromptBehavior: dismiss and notify, webauthn:extension:credBlob: true, webauthn:extension:largeBlob: true, webauthn:extension:minPinLength: true, webauthn:extension:prf: true, webauthn:virtualAuthenticators: true}
Session ID: 00120a666311999588f2312dc15844a4">
      <![CDATA[org.openqa.selenium.NoSuchElementException: no such element: Unable to locate element: {"method":"link text","selector":"Sign out"}
  (Session info: chrome=131.0.6778.140)
For documentation on this error, please visit: https://www.selenium.dev/documentation/webdriver/troubleshooting/errors#no-such-element-exception
Build info: version: '4.23.1', revision: '656257d8e9'
System info: os.name: 'Windows 11', os.arch: 'amd64', os.version: '10.0', java.version: '22.0.2'
Driver info: org.openqa.selenium.chrome.ChromeDriver
Command: [00120a666311999588f2312dc15844a4, findElement {using=link text, value=Sign out}]
Capabilities {acceptInsecureCerts: false, browserName: chrome, browserVersion: 131.0.6778.140, chrome: {chromedriverVersion: 131.0.6778.108 (3b014839fbc..., userDataDir: C:\Users\golda\AppData\Loca...}, fedcm:accounts: true, goog:chromeOptions: {debuggerAddress: localhost:54484}, networkConnectionEnabled: false, pageLoadStrategy: normal, platformName: windows, proxy: Proxy(), se:cdp: ws://localhost:54484/devtoo..., se:cdpVersion: 131.0.6778.140, setWindowRect: true, strictFileInteractability: false, timeouts: {implicit: 0, pageLoad: 300000, script: 30000}, unhandledPromptBehavior: dismiss and notify, webauthn:extension:credBlob: true, webauthn:extension:largeBlob: true, webauthn:extension:minPinLength: true, webauthn:extension:prf: true, webauthn:virtualAuthenticators: true}
Session ID: 00120a666311999588f2312dc15844a4
at org.openqa.selenium.remote.ErrorCodec.decode(ErrorCodec.java:167)
at org.openqa.selenium.remote.codec.w3c.W3CHttpResponseCodec.decode(W3CHttpResponseCodec.java:138)
at org.openqa.selenium.remote.codec.w3c.W3CHttpResponseCodec.decode(W3CHttpResponseCodec.java:50)
at org.openqa.selenium.remote.HttpCommandExecutor.execute(HttpCommandExecutor.java:190)
at org.openqa.selenium.remote.service.DriverCommandExecutor.invokeExecute(DriverCommandExecutor.java:216)
at org.openqa.selenium.remote.service.DriverCommandExecutor.execute(DriverCommandExecutor.java:174)
at org.openqa.selenium.remote.RemoteWebDriver.execute(RemoteWebDriver.java:545)
at org.openqa.selenium.remote.ElementLocation$ElementFinder$2.findElement(ElementLocation.java:165)
at org.openqa.selenium.remote.ElementLocation.findElement(ElementLocation.java:59)
at org.openqa.selenium.remote.RemoteWebDriver.findElement(RemoteWebDriver.java:368)
at org.openqa.selenium.remote.RemoteWebDriver.findElement(RemoteWebDriver.java:362)
at org.openqa.selenium.support.pagefactory.DefaultElementLocator.findElement(DefaultElementLocator.java:68)
at org.openqa.selenium.support.pagefactory.internal.LocatingElementHandler.invoke(LocatingElementHandler.java:38)
at jdk.proxy2/jdk.proxy2.$Proxy18.click(Unknown Source)
at pageObject.Homepageobject.clickLogout(Homepageobject.java:107)
at tests.LoginTesCases.user_clicks_on_logout_link(LoginTesCases.java:116)
at java.base/java.util.concurrent.Executors$RunnableAdapter.call(Executors.java:572)
at java.base/java.util.concurrent.FutureTask.run(FutureTask.java:317)
at java.base/java.util.concurrent.ThreadPoolExecutor.runWorker(ThreadPoolExecutor.java:1144)
at java.base/java.util.concurrent.ThreadPoolExecutor$Worker.run(ThreadPoolExecutor.java:642)
at java.base/java.lang.Thread.run(Thread.java:1570)
... Removed 13 stack frames]]>
    </failure>
  </testcase> <!-- @AfterClass user_clicks_on_logout_link -->
  <testcase classname="tests.BaseCases" name="@AfterClass tearDown" time="0.0">
    <skipped/>
  </testcase> <!-- @AfterClass tearDown -->
  <testcase classname="tests.HomeTestCases" name="VerifyBeforeLoginDSgetStarted" time="0.648"/>
  <testcase classname="tests.HomeTestCases" name="VerifyBeforeArraygetStarted" time="0.377"/>
  <testcase classname="tests.HomeTestCases" name="VerifyBeforeLinkedDSgetStarted" time="0.356"/>
  <testcase classname="tests.LoginTesCases" name="checkEmptyUsername" time="1.145"/>
  <testcase classname="tests.HomeTestCases" name="VerifyBeforeStackDSgetStarted" time="0.363"/>
  <testcase classname="tests.LoginTesCases" name="checkInvalidUsernamePassword" time="0.0">
    <failure type="org.testng.TestNGException" message="
Cannot inject @Test annotated Method [checkInvalidUsernamePassword] with [class java.lang.String, class java.lang.String].
For more information on native dependency injection please refer to https://testng.org/#_dependency_injection">
      <![CDATA[org.testng.TestNGException: 
Cannot inject @Test annotated Method [checkInvalidUsernamePassword] with [class java.lang.String, class java.lang.String].
For more information on native dependency injection please refer to https://testng.org/#_dependency_injection
at java.base/java.util.concurrent.Executors$RunnableAdapter.call(Executors.java:572)
at java.base/java.util.concurrent.FutureTask.run(FutureTask.java:317)
at java.base/java.util.concurrent.ThreadPoolExecutor.runWorker(ThreadPoolExecutor.java:1144)
at java.base/java.util.concurrent.ThreadPoolExecutor$Worker.run(ThreadPoolExecutor.java:642)
at java.base/java.lang.Thread.run(Thread.java:1570)
... Removed 12 stack frames]]>
    </failure>
  </testcase> <!-- checkInvalidUsernamePassword -->
  <testcase classname="tests.HomeTestCases" name="VerifyBeforeQueueDSgetStarted" time="0.467"/>
  <testcase classname="tests.LoginTesCases" name="checkCorrectUsernamePassword" time="0.612"/>
  <testcase classname="tests.HomeTestCases" name="VerifyBeforeTreeDSgetStarted" time="0.357"/>
  <testcase classname="tests.HomeTestCases" name="VerifyBeforeGraphDSgetStarted" time="0.441"/>
  <testcase classname="tests.HomeTestCases" name="clickRegisterLink" time="0.305"/>
  <testcase classname="tests.ArraysTestCases" name="clickArraysInPythonLink" time="1.176">
    <skipped/>
  </testcase> <!-- clickArraysInPythonLink -->
  <testcase classname="tests.HomeTestCases" name="executeRegister" time="0.57"/>
  <testcase classname="tests.ArraysTestCases" name="clickArraysInPythonLink" time="0.72">
    <skipped/>
  </testcase> <!-- clickArraysInPythonLink -->
  <testcase classname="tests.ArraysTestCases" name="clickArraysInPythonLink" time="0.761">
    <skipped/>
  </testcase> <!-- clickArraysInPythonLink -->
  <testcase classname="tests.HomeTestCases" name="user_clicks_on_sign_in_link" time="1.189"/>
  <testcase classname="tests.HomeTestCases" name="clicksGetStartedButton" time="0.547"/>
  <testcase classname="tests.ArraysTestCases" name="clickArraysInPythonLink" time="0.774">
    <failure type="java.lang.AssertionError" message="expected [Arraysw in Python] but found [Arrays in Python]">
      <![CDATA[java.lang.AssertionError: expected [Arraysw in Python] but found [Arrays in Python]
at tests.ArraysTestCases.clickArraysInPythonLink(ArraysTestCases.java:53)
at java.base/java.util.concurrent.Executors$RunnableAdapter.call(Executors.java:572)
at java.base/java.util.concurrent.FutureTask.run(FutureTask.java:317)
at java.base/java.util.concurrent.ThreadPoolExecutor.runWorker(ThreadPoolExecutor.java:1144)
at java.base/java.util.concurrent.ThreadPoolExecutor$Worker.run(ThreadPoolExecutor.java:642)
at java.base/java.lang.Thread.run(Thread.java:1570)
... Removed 17 stack frames]]>
    </failure>
  </testcase> <!-- clickArraysInPythonLink -->
  <testcase classname="tests.ArraysTestCases" name="clicksSubArraysInPythonLink" time="0.283"/>
  <testcase classname="tests.HomeTestCases" name="checkArrayGetStartedButton" time="0.505"/>
  <testcase classname="tests.HomeTestCases" name="checkLinkedGetStartedButton" time="0.637"/>
  <testcase classname="tests.ArraysTestCases" name="clicksArraysPhythonTryHereLink" time="0.845"/>
  <testcase classname="tests.HomeTestCases" name="checkStackGetStartedButton" time="0.499"/>
  <testcase classname="tests.ArraysTestCases" name="checkArraysPhythonTryHereLink" time="0.756"/>
  <testcase classname="tests.HomeTestCases" name="checkQueueGetStartedButton" time="0.572"/>
  <testcase classname="tests.HomeTestCases" name="checkTreeGetStartedButton" time="0.565"/>
  <testcase classname="tests.ArraysTestCases" name="clicksArraysUsingListLink" time="1.424"/>
  <testcase classname="tests.HomeTestCases" name="checkGraphGetStartedButton" time="0.607"/>
  <testcase classname="tests.ArraysTestCases" name="clicksSubArraysUsingListLink" time="0.426"/>
  <testcase classname="tests.ArraysTestCases" name="clicksArraysUsingTryHereLink" time="0.7"/>
  <testcase classname="tests.ArraysTestCases" name="checkArraysUsingTryHereLink" time="1.167"/>
  <testcase classname="tests.ArraysTestCases" name="clicksBasicOperationsInListsLink" time="1.113"/>
  <testcase classname="tests.ArraysTestCases" name="clicksSubBasicOperationsInListsLink" time="0.681"/>
  <testcase classname="tests.ArraysTestCases" name="clicksBasicOperationsTryHereLink" time="0.563"/>
  <testcase classname="tests.ArraysTestCases" name="checkBasicOperationsTryHereLink" time="0.779"/>
  <testcase classname="tests.ArraysTestCases" name="clicksApplicationsOfArrayLink" time="1.531"/>
  <testcase classname="tests.ArraysTestCases" name="clicksSubApplicationsOfArrayLink" time="0.486"/>
  <testcase classname="tests.ArraysTestCases" name="clickApplicationArrayTryHereLink" time="0.387"/>
  <testcase classname="tests.ArraysTestCases" name="checkApplicationArrayTryHereLink" time="0.59"/>
  <testcase classname="tests.ArraysTestCases" name="clicksSubPracticeLink" time="1.546"/>
  <testcase classname="tests.ArraysTestCases" name="VerifySearchArrayLink" time="0.491"/>
  <testcase classname="tests.ArraysTestCases" name="executeClicksSearchArrayLink" time="0.943"/>
  <testcase classname="tests.ArraysTestCases" name="verifyClicksMaxConsecutiveOnesLink" time="2.004"/>
  <testcase classname="tests.ArraysTestCases" name="executeClicksMaxConsecutiveOnesLink" time="0.791"/>
  <testcase classname="tests.ArraysTestCases" name="verifyClicksFindEvenLink" time="1.599"/>
  <testcase classname="tests.ArraysTestCases" name="executeClicksFindEvenLink" time="0.662"/>
  <testcase classname="tests.ArraysTestCases" name="verifySortedArrayLink" time="1.64"/>
  <testcase classname="tests.ArraysTestCases" name="executeClicksSortedArrayLink" time="0.7"/>
</testsuite> <!-- TestChrome -->
