<?xml version="1.0" encoding="UTF-8"?>
<testng-results retried="12" ignored="12" total="364" passed="334" failed="6" skipped="0">
  <reporter-output>
  </reporter-output>
  <suite started-at="2024-12-16T21:53:12 GMT-05:00" name="Suite1" finished-at="2024-12-16T21:56:31 GMT-05:00" duration-ms="199499">
    <groups>
    </groups>
    <test started-at="2024-12-16T21:53:12 GMT-05:00" name="TestChrome" finished-at="2024-12-16T21:56:31 GMT-05:00" duration-ms="199499">
      <class name="tests.StackTestcases">
        <test-method is-config="true" signature="setUp()[pri:0, instance:tests.StackTestcases@3ed242a4]" started-at="2024-12-16T21:54:45 GMT-05:00" name="setUp" finished-at="2024-12-16T21:54:46 GMT-05:00" duration-ms="1213" status="PASS">
          <reporter-output>
          </reporter-output>
        </test-method> <!-- setUp -->
        <test-method signature="OperationsinStackLink()[pri:1, instance:tests.StackTestcases@3ed242a4]" started-at="2024-12-16T21:54:46 GMT-05:00" name="OperationsinStackLink" finished-at="2024-12-16T21:54:47 GMT-05:00" duration-ms="828" status="PASS">
          <reporter-output>
          </reporter-output>
        </test-method> <!-- OperationsinStackLink -->
        <test-method signature="operationtryhere()[pri:2, instance:tests.StackTestcases@3ed242a4]" started-at="2024-12-16T21:54:47 GMT-05:00" name="operationtryhere" finished-at="2024-12-16T21:54:48 GMT-05:00" duration-ms="405" status="PASS">
          <reporter-output>
          </reporter-output>
        </test-method> <!-- operationtryhere -->
        <test-method signature="executeoperationsTryHere(java.lang.String)[pri:3, instance:tests.StackTestcases@3ed242a4]" started-at="2024-12-16T21:54:48 GMT-05:00" name="executeoperationsTryHere" data-provider="getTestData" finished-at="2024-12-16T21:54:48 GMT-05:00" duration-ms="507" status="PASS">
          <params>
            <param index="0">
              <value>
                <![CDATA[print("Welcome")]]>
              </value>
            </param>
          </params>
          <reporter-output>
          </reporter-output>
        </test-method> <!-- executeoperationsTryHere -->
        <test-method signature="executeoperationsTryHere(java.lang.String)[pri:3, instance:tests.StackTestcases@3ed242a4]" started-at="2024-12-16T21:54:48 GMT-05:00" name="executeoperationsTryHere" data-provider="getTestData" finished-at="2024-12-16T21:54:49 GMT-05:00" duration-ms="473" status="PASS">
          <params>
            <param index="0">
              <value>
                <![CDATA[print("Golda")]]>
              </value>
            </param>
          </params>
          <reporter-output>
          </reporter-output>
        </test-method> <!-- executeoperationsTryHere -->
        <test-method signature="executeoperationsTryHere(java.lang.String)[pri:3, instance:tests.StackTestcases@3ed242a4]" started-at="2024-12-16T21:54:49 GMT-05:00" name="executeoperationsTryHere" data-provider="getTestData" finished-at="2024-12-16T21:54:49 GMT-05:00" duration-ms="522" status="PASS">
          <params>
            <param index="0">
              <value>
                <![CDATA[print("DSAlgo")]]>
              </value>
            </param>
          </params>
          <reporter-output>
          </reporter-output>
        </test-method> <!-- executeoperationsTryHere -->
        <test-method signature="executeoperationsTryHere(java.lang.String)[pri:3, instance:tests.StackTestcases@3ed242a4]" started-at="2024-12-16T21:54:49 GMT-05:00" name="executeoperationsTryHere" data-provider="getTestData" finished-at="2024-12-16T21:54:50 GMT-05:00" duration-ms="442" status="PASS">
          <params>
            <param index="0">
              <value>
                <![CDATA[Print("NumpyNinja")]]>
              </value>
            </param>
          </params>
          <reporter-output>
          </reporter-output>
        </test-method> <!-- executeoperationsTryHere -->
        <test-method signature="executeoperationsTryHere(java.lang.String)[pri:3, instance:tests.StackTestcases@3ed242a4]" started-at="2024-12-16T21:54:50 GMT-05:00" name="executeoperationsTryHere" data-provider="getTestData" finished-at="2024-12-16T21:54:50 GMT-05:00" duration-ms="421" status="PASS">
          <params>
            <param index="0">
              <value>
                <![CDATA[Print("Plainsboro")]]>
              </value>
            </param>
          </params>
          <reporter-output>
          </reporter-output>
        </test-method> <!-- executeoperationsTryHere -->
        <test-method signature="executeoperationsTryHere(java.lang.String)[pri:3, instance:tests.StackTestcases@3ed242a4]" started-at="2024-12-16T21:54:50 GMT-05:00" name="executeoperationsTryHere" data-provider="getTestData" finished-at="2024-12-16T21:54:51 GMT-05:00" duration-ms="415" status="PASS">
          <params>
            <param index="0">
              <value>
                <![CDATA[print("Correct Data");]]>
              </value>
            </param>
          </params>
          <reporter-output>
          </reporter-output>
        </test-method> <!-- executeoperationsTryHere -->
        <test-method signature="Implementation()[pri:4, instance:tests.StackTestcases@3ed242a4]" started-at="2024-12-16T21:54:51 GMT-05:00" name="Implementation" finished-at="2024-12-16T21:54:51 GMT-05:00" duration-ms="743" status="PASS">
          <reporter-output>
          </reporter-output>
        </test-method> <!-- Implementation -->
        <test-method signature="Implementationtryhere()[pri:5, instance:tests.StackTestcases@3ed242a4]" started-at="2024-12-16T21:54:51 GMT-05:00" name="Implementationtryhere" finished-at="2024-12-16T21:54:52 GMT-05:00" duration-ms="374" status="PASS">
          <reporter-output>
          </reporter-output>
        </test-method> <!-- Implementationtryhere -->
        <test-method signature="executeImplementationTryHere(java.lang.String)[pri:6, instance:tests.StackTestcases@3ed242a4]" started-at="2024-12-16T21:54:52 GMT-05:00" name="executeImplementationTryHere" data-provider="getTestData" finished-at="2024-12-16T21:54:52 GMT-05:00" duration-ms="405" status="PASS">
          <params>
            <param index="0">
              <value>
                <![CDATA[print("Welcome")]]>
              </value>
            </param>
          </params>
          <reporter-output>
          </reporter-output>
        </test-method> <!-- executeImplementationTryHere -->
        <test-method signature="executeImplementationTryHere(java.lang.String)[pri:6, instance:tests.StackTestcases@3ed242a4]" started-at="2024-12-16T21:54:52 GMT-05:00" name="executeImplementationTryHere" data-provider="getTestData" finished-at="2024-12-16T21:54:53 GMT-05:00" duration-ms="429" status="PASS">
          <params>
            <param index="0">
              <value>
                <![CDATA[print("Golda")]]>
              </value>
            </param>
          </params>
          <reporter-output>
          </reporter-output>
        </test-method> <!-- executeImplementationTryHere -->
        <test-method signature="executeImplementationTryHere(java.lang.String)[pri:6, instance:tests.StackTestcases@3ed242a4]" started-at="2024-12-16T21:54:53 GMT-05:00" name="executeImplementationTryHere" data-provider="getTestData" finished-at="2024-12-16T21:54:53 GMT-05:00" duration-ms="475" status="PASS">
          <params>
            <param index="0">
              <value>
                <![CDATA[print("DSAlgo")]]>
              </value>
            </param>
          </params>
          <reporter-output>
          </reporter-output>
        </test-method> <!-- executeImplementationTryHere -->
        <test-method signature="executeImplementationTryHere(java.lang.String)[pri:6, instance:tests.StackTestcases@3ed242a4]" started-at="2024-12-16T21:54:53 GMT-05:00" name="executeImplementationTryHere" data-provider="getTestData" finished-at="2024-12-16T21:54:53 GMT-05:00" duration-ms="468" status="PASS">
          <params>
            <param index="0">
              <value>
                <![CDATA[Print("NumpyNinja")]]>
              </value>
            </param>
          </params>
          <reporter-output>
          </reporter-output>
        </test-method> <!-- executeImplementationTryHere -->
        <test-method signature="executeImplementationTryHere(java.lang.String)[pri:6, instance:tests.StackTestcases@3ed242a4]" started-at="2024-12-16T21:54:53 GMT-05:00" name="executeImplementationTryHere" data-provider="getTestData" finished-at="2024-12-16T21:54:54 GMT-05:00" duration-ms="524" status="PASS">
          <params>
            <param index="0">
              <value>
                <![CDATA[Print("Plainsboro")]]>
              </value>
            </param>
          </params>
          <reporter-output>
          </reporter-output>
        </test-method> <!-- executeImplementationTryHere -->
        <test-method signature="executeImplementationTryHere(java.lang.String)[pri:6, instance:tests.StackTestcases@3ed242a4]" started-at="2024-12-16T21:54:54 GMT-05:00" name="executeImplementationTryHere" data-provider="getTestData" finished-at="2024-12-16T21:54:55 GMT-05:00" duration-ms="510" status="PASS">
          <params>
            <param index="0">
              <value>
                <![CDATA[print("Correct Data");]]>
              </value>
            </param>
          </params>
          <reporter-output>
          </reporter-output>
        </test-method> <!-- executeImplementationTryHere -->
        <test-method signature="Applications()[pri:7, instance:tests.StackTestcases@3ed242a4]" started-at="2024-12-16T21:54:55 GMT-05:00" name="Applications" finished-at="2024-12-16T21:54:55 GMT-05:00" duration-ms="899" status="PASS">
          <reporter-output>
          </reporter-output>
        </test-method> <!-- Applications -->
        <test-method signature="ApplicationsTryHere()[pri:8, instance:tests.StackTestcases@3ed242a4]" started-at="2024-12-16T21:54:55 GMT-05:00" name="ApplicationsTryHere" finished-at="2024-12-16T21:54:56 GMT-05:00" duration-ms="307" status="PASS">
          <reporter-output>
          </reporter-output>
        </test-method> <!-- ApplicationsTryHere -->
        <test-method signature="executeApplicationsTryHere(java.lang.String)[pri:9, instance:tests.StackTestcases@3ed242a4]" started-at="2024-12-16T21:54:56 GMT-05:00" name="executeApplicationsTryHere" data-provider="getTestData" finished-at="2024-12-16T21:54:56 GMT-05:00" duration-ms="516" status="PASS">
          <params>
            <param index="0">
              <value>
                <![CDATA[print("Welcome")]]>
              </value>
            </param>
          </params>
          <reporter-output>
          </reporter-output>
        </test-method> <!-- executeApplicationsTryHere -->
        <test-method signature="executeApplicationsTryHere(java.lang.String)[pri:9, instance:tests.StackTestcases@3ed242a4]" started-at="2024-12-16T21:54:56 GMT-05:00" name="executeApplicationsTryHere" data-provider="getTestData" finished-at="2024-12-16T21:54:57 GMT-05:00" duration-ms="509" status="PASS">
          <params>
            <param index="0">
              <value>
                <![CDATA[print("Golda")]]>
              </value>
            </param>
          </params>
          <reporter-output>
          </reporter-output>
        </test-method> <!-- executeApplicationsTryHere -->
        <test-method signature="executeApplicationsTryHere(java.lang.String)[pri:9, instance:tests.StackTestcases@3ed242a4]" started-at="2024-12-16T21:54:57 GMT-05:00" name="executeApplicationsTryHere" data-provider="getTestData" finished-at="2024-12-16T21:54:57 GMT-05:00" duration-ms="448" status="PASS">
          <params>
            <param index="0">
              <value>
                <![CDATA[print("DSAlgo")]]>
              </value>
            </param>
          </params>
          <reporter-output>
          </reporter-output>
        </test-method> <!-- executeApplicationsTryHere -->
        <test-method signature="executeApplicationsTryHere(java.lang.String)[pri:9, instance:tests.StackTestcases@3ed242a4]" started-at="2024-12-16T21:54:57 GMT-05:00" name="executeApplicationsTryHere" data-provider="getTestData" finished-at="2024-12-16T21:54:58 GMT-05:00" duration-ms="561" status="PASS">
          <params>
            <param index="0">
              <value>
                <![CDATA[Print("NumpyNinja")]]>
              </value>
            </param>
          </params>
          <reporter-output>
          </reporter-output>
        </test-method> <!-- executeApplicationsTryHere -->
        <test-method signature="executeApplicationsTryHere(java.lang.String)[pri:9, instance:tests.StackTestcases@3ed242a4]" started-at="2024-12-16T21:54:58 GMT-05:00" name="executeApplicationsTryHere" data-provider="getTestData" finished-at="2024-12-16T21:54:58 GMT-05:00" duration-ms="447" status="PASS">
          <params>
            <param index="0">
              <value>
                <![CDATA[Print("Plainsboro")]]>
              </value>
            </param>
          </params>
          <reporter-output>
          </reporter-output>
        </test-method> <!-- executeApplicationsTryHere -->
        <test-method signature="executeApplicationsTryHere(java.lang.String)[pri:9, instance:tests.StackTestcases@3ed242a4]" started-at="2024-12-16T21:54:58 GMT-05:00" name="executeApplicationsTryHere" data-provider="getTestData" finished-at="2024-12-16T21:54:59 GMT-05:00" duration-ms="490" status="PASS">
          <params>
            <param index="0">
              <value>
                <![CDATA[print("Correct Data");]]>
              </value>
            </param>
          </params>
          <reporter-output>
          </reporter-output>
        </test-method> <!-- executeApplicationsTryHere -->
        <test-method signature="userclickspractice_question_link()[pri:10, instance:tests.StackTestcases@3ed242a4]" started-at="2024-12-16T21:54:59 GMT-05:00" name="userclickspractice_question_link" finished-at="2024-12-16T21:55:00 GMT-05:00" duration-ms="1092" status="PASS">
          <reporter-output>
          </reporter-output>
        </test-method> <!-- userclickspractice_question_link -->
        <test-method is-config="true" signature="user_clicks_on_logout_link()[pri:0, instance:tests.StackTestcases@3ed242a4]" started-at="2024-12-16T21:55:00 GMT-05:00" name="user_clicks_on_logout_link" finished-at="2024-12-16T21:55:00 GMT-05:00" duration-ms="503" status="PASS">
          <reporter-output>
          </reporter-output>
        </test-method> <!-- user_clicks_on_logout_link -->
      </class> <!-- tests.StackTestcases -->
      <class name="tests.LinkedListCases">
        <test-method is-config="true" signature="setUp()[pri:0, instance:tests.LinkedListCases@37c7595]" started-at="2024-12-16T21:54:12 GMT-05:00" name="setUp" finished-at="2024-12-16T21:54:13 GMT-05:00" duration-ms="999" status="PASS">
          <reporter-output>
          </reporter-output>
        </test-method> <!-- setUp -->
        <test-method signature="clicksIntroductionLink()[pri:1, instance:tests.LinkedListCases@37c7595]" started-at="2024-12-16T21:54:13 GMT-05:00" name="clicksIntroductionLink" finished-at="2024-12-16T21:54:14 GMT-05:00" duration-ms="808" status="PASS">
          <reporter-output>
          </reporter-output>
        </test-method> <!-- clicksIntroductionLink -->
        <test-method signature="clicksSubIntroductionLink()[pri:2, instance:tests.LinkedListCases@37c7595]" started-at="2024-12-16T21:54:14 GMT-05:00" name="clicksSubIntroductionLink" finished-at="2024-12-16T21:54:14 GMT-05:00" duration-ms="278" status="PASS">
          <reporter-output>
          </reporter-output>
        </test-method> <!-- clicksSubIntroductionLink -->
        <test-method signature="clicksSubIntroductionLinkTryHere()[pri:3, instance:tests.LinkedListCases@37c7595]" started-at="2024-12-16T21:54:14 GMT-05:00" name="clicksSubIntroductionLinkTryHere" finished-at="2024-12-16T21:54:15 GMT-05:00" duration-ms="383" status="PASS">
          <reporter-output>
          </reporter-output>
        </test-method> <!-- clicksSubIntroductionLinkTryHere -->
        <test-method signature="executeSubIntroductionLinkTryHere(java.lang.String)[pri:4, instance:tests.LinkedListCases@37c7595]" started-at="2024-12-16T21:54:15 GMT-05:00" name="executeSubIntroductionLinkTryHere" data-provider="getTestData" finished-at="2024-12-16T21:54:15 GMT-05:00" duration-ms="446" status="PASS">
          <params>
            <param index="0">
              <value>
                <![CDATA[print("Welcome")]]>
              </value>
            </param>
          </params>
          <reporter-output>
          </reporter-output>
        </test-method> <!-- executeSubIntroductionLinkTryHere -->
        <test-method signature="executeSubIntroductionLinkTryHere(java.lang.String)[pri:4, instance:tests.LinkedListCases@37c7595]" started-at="2024-12-16T21:54:15 GMT-05:00" name="executeSubIntroductionLinkTryHere" data-provider="getTestData" finished-at="2024-12-16T21:54:16 GMT-05:00" duration-ms="455" status="PASS">
          <params>
            <param index="0">
              <value>
                <![CDATA[print("Golda")]]>
              </value>
            </param>
          </params>
          <reporter-output>
          </reporter-output>
        </test-method> <!-- executeSubIntroductionLinkTryHere -->
        <test-method signature="executeSubIntroductionLinkTryHere(java.lang.String)[pri:4, instance:tests.LinkedListCases@37c7595]" started-at="2024-12-16T21:54:16 GMT-05:00" name="executeSubIntroductionLinkTryHere" data-provider="getTestData" finished-at="2024-12-16T21:54:16 GMT-05:00" duration-ms="421" status="PASS">
          <params>
            <param index="0">
              <value>
                <![CDATA[print("DSAlgo")]]>
              </value>
            </param>
          </params>
          <reporter-output>
          </reporter-output>
        </test-method> <!-- executeSubIntroductionLinkTryHere -->
        <test-method signature="executeSubIntroductionLinkTryHere(java.lang.String)[pri:4, instance:tests.LinkedListCases@37c7595]" started-at="2024-12-16T21:54:16 GMT-05:00" name="executeSubIntroductionLinkTryHere" data-provider="getTestData" finished-at="2024-12-16T21:54:16 GMT-05:00" duration-ms="456" status="PASS">
          <params>
            <param index="0">
              <value>
                <![CDATA[Print("NumpyNinja")]]>
              </value>
            </param>
          </params>
          <reporter-output>
          </reporter-output>
        </test-method> <!-- executeSubIntroductionLinkTryHere -->
        <test-method signature="executeSubIntroductionLinkTryHere(java.lang.String)[pri:4, instance:tests.LinkedListCases@37c7595]" started-at="2024-12-16T21:54:16 GMT-05:00" name="executeSubIntroductionLinkTryHere" data-provider="getTestData" finished-at="2024-12-16T21:54:17 GMT-05:00" duration-ms="505" status="PASS">
          <params>
            <param index="0">
              <value>
                <![CDATA[Print("Plainsboro")]]>
              </value>
            </param>
          </params>
          <reporter-output>
          </reporter-output>
        </test-method> <!-- executeSubIntroductionLinkTryHere -->
        <test-method signature="executeSubIntroductionLinkTryHere(java.lang.String)[pri:4, instance:tests.LinkedListCases@37c7595]" started-at="2024-12-16T21:54:17 GMT-05:00" name="executeSubIntroductionLinkTryHere" data-provider="getTestData" finished-at="2024-12-16T21:54:17 GMT-05:00" duration-ms="544" status="PASS">
          <params>
            <param index="0">
              <value>
                <![CDATA[print("Correct Data");]]>
              </value>
            </param>
          </params>
          <reporter-output>
          </reporter-output>
        </test-method> <!-- executeSubIntroductionLinkTryHere -->
        <test-method signature="clicksCreateLinkedListLink()[pri:5, instance:tests.LinkedListCases@37c7595]" started-at="2024-12-16T21:54:17 GMT-05:00" name="clicksCreateLinkedListLink" finished-at="2024-12-16T21:54:18 GMT-05:00" duration-ms="809" status="PASS">
          <reporter-output>
          </reporter-output>
        </test-method> <!-- clicksCreateLinkedListLink -->
        <test-method signature="clicksSubCreatingLinkedListLink()[pri:6, instance:tests.LinkedListCases@37c7595]" started-at="2024-12-16T21:54:18 GMT-05:00" name="clicksSubCreatingLinkedListLink" finished-at="2024-12-16T21:54:19 GMT-05:00" duration-ms="321" status="PASS">
          <reporter-output>
          </reporter-output>
        </test-method> <!-- clicksSubCreatingLinkedListLink -->
        <test-method signature="clicksSubCreatingLinkTryHere()[pri:7, instance:tests.LinkedListCases@37c7595]" started-at="2024-12-16T21:54:19 GMT-05:00" name="clicksSubCreatingLinkTryHere" finished-at="2024-12-16T21:54:19 GMT-05:00" duration-ms="337" status="PASS">
          <reporter-output>
          </reporter-output>
        </test-method> <!-- clicksSubCreatingLinkTryHere -->
        <test-method signature="executeSubCreatingLinkTryHere(java.lang.String)[pri:8, instance:tests.LinkedListCases@37c7595]" started-at="2024-12-16T21:54:19 GMT-05:00" name="executeSubCreatingLinkTryHere" data-provider="getTestData" finished-at="2024-12-16T21:54:19 GMT-05:00" duration-ms="434" status="PASS">
          <params>
            <param index="0">
              <value>
                <![CDATA[print("Welcome")]]>
              </value>
            </param>
          </params>
          <reporter-output>
          </reporter-output>
        </test-method> <!-- executeSubCreatingLinkTryHere -->
        <test-method signature="executeSubCreatingLinkTryHere(java.lang.String)[pri:8, instance:tests.LinkedListCases@37c7595]" started-at="2024-12-16T21:54:19 GMT-05:00" name="executeSubCreatingLinkTryHere" data-provider="getTestData" finished-at="2024-12-16T21:54:20 GMT-05:00" duration-ms="462" status="PASS">
          <params>
            <param index="0">
              <value>
                <![CDATA[print("Golda")]]>
              </value>
            </param>
          </params>
          <reporter-output>
          </reporter-output>
        </test-method> <!-- executeSubCreatingLinkTryHere -->
        <test-method signature="executeSubCreatingLinkTryHere(java.lang.String)[pri:8, instance:tests.LinkedListCases@37c7595]" started-at="2024-12-16T21:54:20 GMT-05:00" name="executeSubCreatingLinkTryHere" data-provider="getTestData" finished-at="2024-12-16T21:54:20 GMT-05:00" duration-ms="383" status="PASS">
          <params>
            <param index="0">
              <value>
                <![CDATA[print("DSAlgo")]]>
              </value>
            </param>
          </params>
          <reporter-output>
          </reporter-output>
        </test-method> <!-- executeSubCreatingLinkTryHere -->
        <test-method signature="executeSubCreatingLinkTryHere(java.lang.String)[pri:8, instance:tests.LinkedListCases@37c7595]" started-at="2024-12-16T21:54:20 GMT-05:00" name="executeSubCreatingLinkTryHere" data-provider="getTestData" finished-at="2024-12-16T21:54:21 GMT-05:00" duration-ms="384" status="PASS">
          <params>
            <param index="0">
              <value>
                <![CDATA[Print("NumpyNinja")]]>
              </value>
            </param>
          </params>
          <reporter-output>
          </reporter-output>
        </test-method> <!-- executeSubCreatingLinkTryHere -->
        <test-method signature="executeSubCreatingLinkTryHere(java.lang.String)[pri:8, instance:tests.LinkedListCases@37c7595]" started-at="2024-12-16T21:54:21 GMT-05:00" name="executeSubCreatingLinkTryHere" data-provider="getTestData" finished-at="2024-12-16T21:54:21 GMT-05:00" duration-ms="443" status="PASS">
          <params>
            <param index="0">
              <value>
                <![CDATA[Print("Plainsboro")]]>
              </value>
            </param>
          </params>
          <reporter-output>
          </reporter-output>
        </test-method> <!-- executeSubCreatingLinkTryHere -->
        <test-method signature="executeSubCreatingLinkTryHere(java.lang.String)[pri:8, instance:tests.LinkedListCases@37c7595]" started-at="2024-12-16T21:54:21 GMT-05:00" name="executeSubCreatingLinkTryHere" data-provider="getTestData" finished-at="2024-12-16T21:54:22 GMT-05:00" duration-ms="448" status="PASS">
          <params>
            <param index="0">
              <value>
                <![CDATA[print("Correct Data");]]>
              </value>
            </param>
          </params>
          <reporter-output>
          </reporter-output>
        </test-method> <!-- executeSubCreatingLinkTryHere -->
        <test-method signature="clicksTypesLinkedLink()[pri:9, instance:tests.LinkedListCases@37c7595]" started-at="2024-12-16T21:54:22 GMT-05:00" name="clicksTypesLinkedLink" finished-at="2024-12-16T21:54:22 GMT-05:00" duration-ms="905" status="PASS">
          <reporter-output>
          </reporter-output>
        </test-method> <!-- clicksTypesLinkedLink -->
        <test-method signature="clicksSubTypesOfLinkedListLink()[pri:10, instance:tests.LinkedListCases@37c7595]" started-at="2024-12-16T21:54:22 GMT-05:00" name="clicksSubTypesOfLinkedListLink" finished-at="2024-12-16T21:54:23 GMT-05:00" duration-ms="286" status="PASS">
          <reporter-output>
          </reporter-output>
        </test-method> <!-- clicksSubTypesOfLinkedListLink -->
        <test-method signature="clicksSubTypesOfLinkTryHere()[pri:11, instance:tests.LinkedListCases@37c7595]" started-at="2024-12-16T21:54:23 GMT-05:00" name="clicksSubTypesOfLinkTryHere" finished-at="2024-12-16T21:54:23 GMT-05:00" duration-ms="336" status="PASS">
          <reporter-output>
          </reporter-output>
        </test-method> <!-- clicksSubTypesOfLinkTryHere -->
        <test-method signature="executeSubTypesOfLinkTryHere(java.lang.String)[pri:12, instance:tests.LinkedListCases@37c7595]" started-at="2024-12-16T21:54:23 GMT-05:00" name="executeSubTypesOfLinkTryHere" data-provider="getTestData" finished-at="2024-12-16T21:54:24 GMT-05:00" duration-ms="506" status="PASS">
          <params>
            <param index="0">
              <value>
                <![CDATA[print("Welcome")]]>
              </value>
            </param>
          </params>
          <reporter-output>
          </reporter-output>
        </test-method> <!-- executeSubTypesOfLinkTryHere -->
        <test-method signature="executeSubTypesOfLinkTryHere(java.lang.String)[pri:12, instance:tests.LinkedListCases@37c7595]" started-at="2024-12-16T21:54:24 GMT-05:00" name="executeSubTypesOfLinkTryHere" data-provider="getTestData" finished-at="2024-12-16T21:54:24 GMT-05:00" duration-ms="444" status="PASS">
          <params>
            <param index="0">
              <value>
                <![CDATA[print("Golda")]]>
              </value>
            </param>
          </params>
          <reporter-output>
          </reporter-output>
        </test-method> <!-- executeSubTypesOfLinkTryHere -->
        <test-method signature="executeSubTypesOfLinkTryHere(java.lang.String)[pri:12, instance:tests.LinkedListCases@37c7595]" started-at="2024-12-16T21:54:24 GMT-05:00" name="executeSubTypesOfLinkTryHere" data-provider="getTestData" finished-at="2024-12-16T21:54:25 GMT-05:00" duration-ms="429" status="PASS">
          <params>
            <param index="0">
              <value>
                <![CDATA[print("DSAlgo")]]>
              </value>
            </param>
          </params>
          <reporter-output>
          </reporter-output>
        </test-method> <!-- executeSubTypesOfLinkTryHere -->
        <test-method signature="executeSubTypesOfLinkTryHere(java.lang.String)[pri:12, instance:tests.LinkedListCases@37c7595]" started-at="2024-12-16T21:54:25 GMT-05:00" name="executeSubTypesOfLinkTryHere" data-provider="getTestData" finished-at="2024-12-16T21:54:25 GMT-05:00" duration-ms="433" status="PASS">
          <params>
            <param index="0">
              <value>
                <![CDATA[Print("NumpyNinja")]]>
              </value>
            </param>
          </params>
          <reporter-output>
          </reporter-output>
        </test-method> <!-- executeSubTypesOfLinkTryHere -->
        <test-method signature="executeSubTypesOfLinkTryHere(java.lang.String)[pri:12, instance:tests.LinkedListCases@37c7595]" started-at="2024-12-16T21:54:25 GMT-05:00" name="executeSubTypesOfLinkTryHere" data-provider="getTestData" finished-at="2024-12-16T21:54:25 GMT-05:00" duration-ms="461" status="PASS">
          <params>
            <param index="0">
              <value>
                <![CDATA[Print("Plainsboro")]]>
              </value>
            </param>
          </params>
          <reporter-output>
          </reporter-output>
        </test-method> <!-- executeSubTypesOfLinkTryHere -->
        <test-method signature="executeSubTypesOfLinkTryHere(java.lang.String)[pri:12, instance:tests.LinkedListCases@37c7595]" started-at="2024-12-16T21:54:25 GMT-05:00" name="executeSubTypesOfLinkTryHere" data-provider="getTestData" finished-at="2024-12-16T21:54:26 GMT-05:00" duration-ms="443" status="PASS">
          <params>
            <param index="0">
              <value>
                <![CDATA[print("Correct Data");]]>
              </value>
            </param>
          </params>
          <reporter-output>
          </reporter-output>
        </test-method> <!-- executeSubTypesOfLinkTryHere -->
        <test-method signature="clicksImplementLinkedLink()[pri:13, instance:tests.LinkedListCases@37c7595]" started-at="2024-12-16T21:54:26 GMT-05:00" name="clicksImplementLinkedLink" finished-at="2024-12-16T21:54:27 GMT-05:00" duration-ms="767" status="PASS">
          <reporter-output>
          </reporter-output>
        </test-method> <!-- clicksImplementLinkedLink -->
        <test-method signature="user_clicks_on_sub_implement_link()[pri:14, instance:tests.LinkedListCases@37c7595]" started-at="2024-12-16T21:54:27 GMT-05:00" name="user_clicks_on_sub_implement_link" finished-at="2024-12-16T21:54:27 GMT-05:00" duration-ms="278" status="PASS">
          <reporter-output>
          </reporter-output>
        </test-method> <!-- user_clicks_on_sub_implement_link -->
        <test-method signature="clicksSubImplementLinkTryHere()[pri:15, instance:tests.LinkedListCases@37c7595]" started-at="2024-12-16T21:54:27 GMT-05:00" name="clicksSubImplementLinkTryHere" finished-at="2024-12-16T21:54:27 GMT-05:00" duration-ms="340" status="PASS">
          <reporter-output>
          </reporter-output>
        </test-method> <!-- clicksSubImplementLinkTryHere -->
        <test-method signature="executeSubImplementLinkTryHere(java.lang.String)[pri:16, instance:tests.LinkedListCases@37c7595]" started-at="2024-12-16T21:54:27 GMT-05:00" name="executeSubImplementLinkTryHere" data-provider="getTestData" finished-at="2024-12-16T21:54:28 GMT-05:00" duration-ms="388" status="PASS">
          <params>
            <param index="0">
              <value>
                <![CDATA[print("Welcome")]]>
              </value>
            </param>
          </params>
          <reporter-output>
          </reporter-output>
        </test-method> <!-- executeSubImplementLinkTryHere -->
        <test-method signature="executeSubImplementLinkTryHere(java.lang.String)[pri:16, instance:tests.LinkedListCases@37c7595]" started-at="2024-12-16T21:54:28 GMT-05:00" name="executeSubImplementLinkTryHere" data-provider="getTestData" finished-at="2024-12-16T21:54:28 GMT-05:00" duration-ms="412" status="PASS">
          <params>
            <param index="0">
              <value>
                <![CDATA[print("Golda")]]>
              </value>
            </param>
          </params>
          <reporter-output>
          </reporter-output>
        </test-method> <!-- executeSubImplementLinkTryHere -->
        <test-method signature="executeSubImplementLinkTryHere(java.lang.String)[pri:16, instance:tests.LinkedListCases@37c7595]" started-at="2024-12-16T21:54:28 GMT-05:00" name="executeSubImplementLinkTryHere" data-provider="getTestData" finished-at="2024-12-16T21:54:29 GMT-05:00" duration-ms="396" status="PASS">
          <params>
            <param index="0">
              <value>
                <![CDATA[print("DSAlgo")]]>
              </value>
            </param>
          </params>
          <reporter-output>
          </reporter-output>
        </test-method> <!-- executeSubImplementLinkTryHere -->
        <test-method signature="executeSubImplementLinkTryHere(java.lang.String)[pri:16, instance:tests.LinkedListCases@37c7595]" started-at="2024-12-16T21:54:29 GMT-05:00" name="executeSubImplementLinkTryHere" data-provider="getTestData" finished-at="2024-12-16T21:54:29 GMT-05:00" duration-ms="542" status="PASS">
          <params>
            <param index="0">
              <value>
                <![CDATA[Print("NumpyNinja")]]>
              </value>
            </param>
          </params>
          <reporter-output>
          </reporter-output>
        </test-method> <!-- executeSubImplementLinkTryHere -->
        <test-method signature="executeSubImplementLinkTryHere(java.lang.String)[pri:16, instance:tests.LinkedListCases@37c7595]" started-at="2024-12-16T21:54:29 GMT-05:00" name="executeSubImplementLinkTryHere" data-provider="getTestData" finished-at="2024-12-16T21:54:30 GMT-05:00" duration-ms="502" status="PASS">
          <params>
            <param index="0">
              <value>
                <![CDATA[Print("Plainsboro")]]>
              </value>
            </param>
          </params>
          <reporter-output>
          </reporter-output>
        </test-method> <!-- executeSubImplementLinkTryHere -->
        <test-method signature="executeSubImplementLinkTryHere(java.lang.String)[pri:16, instance:tests.LinkedListCases@37c7595]" started-at="2024-12-16T21:54:30 GMT-05:00" name="executeSubImplementLinkTryHere" data-provider="getTestData" finished-at="2024-12-16T21:54:30 GMT-05:00" duration-ms="486" status="PASS">
          <params>
            <param index="0">
              <value>
                <![CDATA[print("Correct Data");]]>
              </value>
            </param>
          </params>
          <reporter-output>
          </reporter-output>
        </test-method> <!-- executeSubImplementLinkTryHere -->
        <test-method signature="clicksTraversalLinkedListLink()[pri:17, instance:tests.LinkedListCases@37c7595]" started-at="2024-12-16T21:54:30 GMT-05:00" name="clicksTraversalLinkedListLink" finished-at="2024-12-16T21:54:31 GMT-05:00" duration-ms="969" status="PASS">
          <reporter-output>
          </reporter-output>
        </test-method> <!-- clicksTraversalLinkedListLink -->
        <test-method signature="user_clicks_on_traverse_sub_linked_list_link()[pri:18, instance:tests.LinkedListCases@37c7595]" started-at="2024-12-16T21:54:31 GMT-05:00" name="user_clicks_on_traverse_sub_linked_list_link" finished-at="2024-12-16T21:54:31 GMT-05:00" duration-ms="361" status="PASS">
          <reporter-output>
          </reporter-output>
        </test-method> <!-- user_clicks_on_traverse_sub_linked_list_link -->
        <test-method signature="clicksSubTraversalLinkTryHere()[pri:19, instance:tests.LinkedListCases@37c7595]" started-at="2024-12-16T21:54:31 GMT-05:00" name="clicksSubTraversalLinkTryHere" finished-at="2024-12-16T21:54:32 GMT-05:00" duration-ms="348" status="PASS">
          <reporter-output>
          </reporter-output>
        </test-method> <!-- clicksSubTraversalLinkTryHere -->
        <test-method signature="executeSubTraversalLinkTryHere(java.lang.String)[pri:20, instance:tests.LinkedListCases@37c7595]" started-at="2024-12-16T21:54:32 GMT-05:00" name="executeSubTraversalLinkTryHere" data-provider="getTestData" finished-at="2024-12-16T21:54:32 GMT-05:00" duration-ms="549" status="PASS">
          <params>
            <param index="0">
              <value>
                <![CDATA[print("Welcome")]]>
              </value>
            </param>
          </params>
          <reporter-output>
          </reporter-output>
        </test-method> <!-- executeSubTraversalLinkTryHere -->
        <test-method signature="executeSubTraversalLinkTryHere(java.lang.String)[pri:20, instance:tests.LinkedListCases@37c7595]" started-at="2024-12-16T21:54:32 GMT-05:00" name="executeSubTraversalLinkTryHere" data-provider="getTestData" finished-at="2024-12-16T21:54:33 GMT-05:00" duration-ms="487" status="PASS">
          <params>
            <param index="0">
              <value>
                <![CDATA[print("Golda")]]>
              </value>
            </param>
          </params>
          <reporter-output>
          </reporter-output>
        </test-method> <!-- executeSubTraversalLinkTryHere -->
        <test-method signature="executeSubTraversalLinkTryHere(java.lang.String)[pri:20, instance:tests.LinkedListCases@37c7595]" started-at="2024-12-16T21:54:33 GMT-05:00" name="executeSubTraversalLinkTryHere" data-provider="getTestData" finished-at="2024-12-16T21:54:33 GMT-05:00" duration-ms="434" status="PASS">
          <params>
            <param index="0">
              <value>
                <![CDATA[print("DSAlgo")]]>
              </value>
            </param>
          </params>
          <reporter-output>
          </reporter-output>
        </test-method> <!-- executeSubTraversalLinkTryHere -->
        <test-method signature="executeSubTraversalLinkTryHere(java.lang.String)[pri:20, instance:tests.LinkedListCases@37c7595]" started-at="2024-12-16T21:54:33 GMT-05:00" name="executeSubTraversalLinkTryHere" data-provider="getTestData" finished-at="2024-12-16T21:54:34 GMT-05:00" duration-ms="471" status="PASS">
          <params>
            <param index="0">
              <value>
                <![CDATA[Print("NumpyNinja")]]>
              </value>
            </param>
          </params>
          <reporter-output>
          </reporter-output>
        </test-method> <!-- executeSubTraversalLinkTryHere -->
        <test-method signature="executeSubTraversalLinkTryHere(java.lang.String)[pri:20, instance:tests.LinkedListCases@37c7595]" started-at="2024-12-16T21:54:34 GMT-05:00" name="executeSubTraversalLinkTryHere" data-provider="getTestData" finished-at="2024-12-16T21:54:34 GMT-05:00" duration-ms="500" status="PASS">
          <params>
            <param index="0">
              <value>
                <![CDATA[Print("Plainsboro")]]>
              </value>
            </param>
          </params>
          <reporter-output>
          </reporter-output>
        </test-method> <!-- executeSubTraversalLinkTryHere -->
        <test-method signature="executeSubTraversalLinkTryHere(java.lang.String)[pri:20, instance:tests.LinkedListCases@37c7595]" started-at="2024-12-16T21:54:34 GMT-05:00" name="executeSubTraversalLinkTryHere" data-provider="getTestData" finished-at="2024-12-16T21:54:35 GMT-05:00" duration-ms="550" status="PASS">
          <params>
            <param index="0">
              <value>
                <![CDATA[print("Correct Data");]]>
              </value>
            </param>
          </params>
          <reporter-output>
          </reporter-output>
        </test-method> <!-- executeSubTraversalLinkTryHere -->
        <test-method signature="clicksInsertLinkedListLink()[pri:21, instance:tests.LinkedListCases@37c7595]" started-at="2024-12-16T21:54:35 GMT-05:00" name="clicksInsertLinkedListLink" finished-at="2024-12-16T21:54:36 GMT-05:00" duration-ms="774" status="PASS">
          <reporter-output>
          </reporter-output>
        </test-method> <!-- clicksInsertLinkedListLink -->
        <test-method signature="user_clicks_on_sub_insert_linked_list_link()[pri:22, instance:tests.LinkedListCases@37c7595]" started-at="2024-12-16T21:54:36 GMT-05:00" name="user_clicks_on_sub_insert_linked_list_link" finished-at="2024-12-16T21:54:36 GMT-05:00" duration-ms="306" status="PASS">
          <reporter-output>
          </reporter-output>
        </test-method> <!-- user_clicks_on_sub_insert_linked_list_link -->
        <test-method signature="clicksSubInsertLinkTryHere()[pri:23, instance:tests.LinkedListCases@37c7595]" started-at="2024-12-16T21:54:36 GMT-05:00" name="clicksSubInsertLinkTryHere" finished-at="2024-12-16T21:54:36 GMT-05:00" duration-ms="341" status="PASS">
          <reporter-output>
          </reporter-output>
        </test-method> <!-- clicksSubInsertLinkTryHere -->
        <test-method signature="executeInsertOfLinkTryHere(java.lang.String)[pri:24, instance:tests.LinkedListCases@37c7595]" started-at="2024-12-16T21:54:36 GMT-05:00" name="executeInsertOfLinkTryHere" data-provider="getTestData" finished-at="2024-12-16T21:54:37 GMT-05:00" duration-ms="477" status="PASS">
          <params>
            <param index="0">
              <value>
                <![CDATA[print("Welcome")]]>
              </value>
            </param>
          </params>
          <reporter-output>
          </reporter-output>
        </test-method> <!-- executeInsertOfLinkTryHere -->
        <test-method signature="executeInsertOfLinkTryHere(java.lang.String)[pri:24, instance:tests.LinkedListCases@37c7595]" started-at="2024-12-16T21:54:37 GMT-05:00" name="executeInsertOfLinkTryHere" data-provider="getTestData" finished-at="2024-12-16T21:54:37 GMT-05:00" duration-ms="465" status="PASS">
          <params>
            <param index="0">
              <value>
                <![CDATA[print("Golda")]]>
              </value>
            </param>
          </params>
          <reporter-output>
          </reporter-output>
        </test-method> <!-- executeInsertOfLinkTryHere -->
        <test-method signature="executeInsertOfLinkTryHere(java.lang.String)[pri:24, instance:tests.LinkedListCases@37c7595]" started-at="2024-12-16T21:54:37 GMT-05:00" name="executeInsertOfLinkTryHere" data-provider="getTestData" finished-at="2024-12-16T21:54:38 GMT-05:00" duration-ms="491" status="PASS">
          <params>
            <param index="0">
              <value>
                <![CDATA[print("DSAlgo")]]>
              </value>
            </param>
          </params>
          <reporter-output>
          </reporter-output>
        </test-method> <!-- executeInsertOfLinkTryHere -->
        <test-method signature="executeInsertOfLinkTryHere(java.lang.String)[pri:24, instance:tests.LinkedListCases@37c7595]" started-at="2024-12-16T21:54:38 GMT-05:00" name="executeInsertOfLinkTryHere" data-provider="getTestData" finished-at="2024-12-16T21:54:38 GMT-05:00" duration-ms="427" status="PASS">
          <params>
            <param index="0">
              <value>
                <![CDATA[Print("NumpyNinja")]]>
              </value>
            </param>
          </params>
          <reporter-output>
          </reporter-output>
        </test-method> <!-- executeInsertOfLinkTryHere -->
        <test-method signature="executeInsertOfLinkTryHere(java.lang.String)[pri:24, instance:tests.LinkedListCases@37c7595]" started-at="2024-12-16T21:54:38 GMT-05:00" name="executeInsertOfLinkTryHere" data-provider="getTestData" finished-at="2024-12-16T21:54:39 GMT-05:00" duration-ms="533" status="PASS">
          <params>
            <param index="0">
              <value>
                <![CDATA[Print("Plainsboro")]]>
              </value>
            </param>
          </params>
          <reporter-output>
          </reporter-output>
        </test-method> <!-- executeInsertOfLinkTryHere -->
        <test-method signature="executeInsertOfLinkTryHere(java.lang.String)[pri:24, instance:tests.LinkedListCases@37c7595]" started-at="2024-12-16T21:54:39 GMT-05:00" name="executeInsertOfLinkTryHere" data-provider="getTestData" finished-at="2024-12-16T21:54:39 GMT-05:00" duration-ms="497" status="PASS">
          <params>
            <param index="0">
              <value>
                <![CDATA[print("Correct Data");]]>
              </value>
            </param>
          </params>
          <reporter-output>
          </reporter-output>
        </test-method> <!-- executeInsertOfLinkTryHere -->
        <test-method signature="clicksDeleteLinkedListLink()[pri:25, instance:tests.LinkedListCases@37c7595]" started-at="2024-12-16T21:54:39 GMT-05:00" name="clicksDeleteLinkedListLink" finished-at="2024-12-16T21:54:40 GMT-05:00" duration-ms="858" status="PASS">
          <reporter-output>
          </reporter-output>
        </test-method> <!-- clicksDeleteLinkedListLink -->
        <test-method signature="user_clicks_on_sub_delete_linked_list_link()[pri:26, instance:tests.LinkedListCases@37c7595]" started-at="2024-12-16T21:54:40 GMT-05:00" name="user_clicks_on_sub_delete_linked_list_link" finished-at="2024-12-16T21:54:40 GMT-05:00" duration-ms="281" status="PASS">
          <reporter-output>
          </reporter-output>
        </test-method> <!-- user_clicks_on_sub_delete_linked_list_link -->
        <test-method signature="clicksSubDeleteLinkTryHere()[pri:27, instance:tests.LinkedListCases@37c7595]" started-at="2024-12-16T21:54:40 GMT-05:00" name="clicksSubDeleteLinkTryHere" finished-at="2024-12-16T21:54:41 GMT-05:00" duration-ms="294" status="PASS">
          <reporter-output>
          </reporter-output>
        </test-method> <!-- clicksSubDeleteLinkTryHere -->
        <test-method signature="executeSubDeleteLinkTryHere(java.lang.String)[pri:28, instance:tests.LinkedListCases@37c7595]" started-at="2024-12-16T21:54:41 GMT-05:00" name="executeSubDeleteLinkTryHere" data-provider="getTestData" finished-at="2024-12-16T21:54:41 GMT-05:00" duration-ms="371" status="PASS">
          <params>
            <param index="0">
              <value>
                <![CDATA[print("Welcome")]]>
              </value>
            </param>
          </params>
          <reporter-output>
          </reporter-output>
        </test-method> <!-- executeSubDeleteLinkTryHere -->
        <test-method signature="executeSubDeleteLinkTryHere(java.lang.String)[pri:28, instance:tests.LinkedListCases@37c7595]" started-at="2024-12-16T21:54:41 GMT-05:00" name="executeSubDeleteLinkTryHere" data-provider="getTestData" finished-at="2024-12-16T21:54:41 GMT-05:00" duration-ms="421" status="PASS">
          <params>
            <param index="0">
              <value>
                <![CDATA[print("Golda")]]>
              </value>
            </param>
          </params>
          <reporter-output>
          </reporter-output>
        </test-method> <!-- executeSubDeleteLinkTryHere -->
        <test-method signature="executeSubDeleteLinkTryHere(java.lang.String)[pri:28, instance:tests.LinkedListCases@37c7595]" started-at="2024-12-16T21:54:41 GMT-05:00" name="executeSubDeleteLinkTryHere" data-provider="getTestData" finished-at="2024-12-16T21:54:42 GMT-05:00" duration-ms="383" status="PASS">
          <params>
            <param index="0">
              <value>
                <![CDATA[print("DSAlgo")]]>
              </value>
            </param>
          </params>
          <reporter-output>
          </reporter-output>
        </test-method> <!-- executeSubDeleteLinkTryHere -->
        <test-method signature="executeSubDeleteLinkTryHere(java.lang.String)[pri:28, instance:tests.LinkedListCases@37c7595]" started-at="2024-12-16T21:54:42 GMT-05:00" name="executeSubDeleteLinkTryHere" data-provider="getTestData" finished-at="2024-12-16T21:54:42 GMT-05:00" duration-ms="479" status="PASS">
          <params>
            <param index="0">
              <value>
                <![CDATA[Print("NumpyNinja")]]>
              </value>
            </param>
          </params>
          <reporter-output>
          </reporter-output>
        </test-method> <!-- executeSubDeleteLinkTryHere -->
        <test-method signature="executeSubDeleteLinkTryHere(java.lang.String)[pri:28, instance:tests.LinkedListCases@37c7595]" started-at="2024-12-16T21:54:42 GMT-05:00" name="executeSubDeleteLinkTryHere" data-provider="getTestData" finished-at="2024-12-16T21:54:43 GMT-05:00" duration-ms="490" status="PASS">
          <params>
            <param index="0">
              <value>
                <![CDATA[Print("Plainsboro")]]>
              </value>
            </param>
          </params>
          <reporter-output>
          </reporter-output>
        </test-method> <!-- executeSubDeleteLinkTryHere -->
        <test-method signature="executeSubDeleteLinkTryHere(java.lang.String)[pri:28, instance:tests.LinkedListCases@37c7595]" started-at="2024-12-16T21:54:43 GMT-05:00" name="executeSubDeleteLinkTryHere" data-provider="getTestData" finished-at="2024-12-16T21:54:43 GMT-05:00" duration-ms="601" status="PASS">
          <params>
            <param index="0">
              <value>
                <![CDATA[print("Correct Data");]]>
              </value>
            </param>
          </params>
          <reporter-output>
          </reporter-output>
        </test-method> <!-- executeSubDeleteLinkTryHere -->
        <test-method signature="user_clicks_on_sub_linked_practice_question_link()[pri:29, instance:tests.LinkedListCases@37c7595]" started-at="2024-12-16T21:54:43 GMT-05:00" name="user_clicks_on_sub_linked_practice_question_link" finished-at="2024-12-16T21:54:45 GMT-05:00" duration-ms="1226" status="PASS">
          <reporter-output>
          </reporter-output>
        </test-method> <!-- user_clicks_on_sub_linked_practice_question_link -->
        <test-method is-config="true" signature="user_clicks_on_logout_link()[pri:0, instance:tests.LinkedListCases@37c7595]" started-at="2024-12-16T21:54:45 GMT-05:00" name="user_clicks_on_logout_link" finished-at="2024-12-16T21:54:45 GMT-05:00" duration-ms="606" status="PASS">
          <reporter-output>
          </reporter-output>
        </test-method> <!-- user_clicks_on_logout_link -->
      </class> <!-- tests.LinkedListCases -->
      <class name="tests.LoginTesCases">
        <test-method is-config="true" signature="setUp()[pri:0, instance:tests.LoginTesCases@5023bb8b]" started-at="2024-12-16T21:53:12 GMT-05:00" name="setUp" finished-at="2024-12-16T21:53:13 GMT-05:00" duration-ms="575" status="PASS">
          <reporter-output>
          </reporter-output>
        </test-method> <!-- setUp -->
        <test-method signature="checkEmptyUsername()[pri:1, instance:tests.LoginTesCases@5023bb8b]" started-at="2024-12-16T21:53:13 GMT-05:00" name="checkEmptyUsername" finished-at="2024-12-16T21:53:14 GMT-05:00" duration-ms="974" status="PASS">
          <reporter-output>
          </reporter-output>
        </test-method> <!-- checkEmptyUsername -->
        <test-method signature="clickRegisterLink()[pri:2, instance:tests.LoginTesCases@5023bb8b]" started-at="2024-12-16T21:53:14 GMT-05:00" name="clickRegisterLink" finished-at="2024-12-16T21:53:14 GMT-05:00" duration-ms="229" status="PASS">
          <reporter-output>
          </reporter-output>
        </test-method> <!-- clickRegisterLink -->
        <test-method retried="true" signature="checkInvalidUsernamePassword(java.lang.String,java.lang.String)[pri:3, instance:tests.LoginTesCases@5023bb8b]" started-at="2024-12-16T21:53:14 GMT-05:00" name="checkInvalidUsernamePassword" data-provider="getTestUserData" finished-at="2024-12-16T21:53:14 GMT-05:00" duration-ms="135" status="SKIP">
          <params>
            <param index="0">
              <value>
                <![CDATA[goldaanto@gmail.com]]>
              </value>
            </param>
            <param index="1">
              <value>
                <![CDATA[golda@123]]>
              </value>
            </param>
          </params>
          <exception class="org.openqa.selenium.NoSuchElementException">
            <message>
              <![CDATA[no such element: Unable to locate element: {"method":"css selector","selector":"*[name='password']"}
  (Session info: chrome=131.0.6778.140)
For documentation on this error, please visit: https://www.selenium.dev/documentation/webdriver/troubleshooting/errors#no-such-element-exception
Build info: version: '4.23.1', revision: '656257d8e9'
System info: os.name: 'Windows 11', os.arch: 'amd64', os.version: '10.0', java.version: '22.0.2'
Driver info: org.openqa.selenium.chrome.ChromeDriver
Command: [936df6531a58eb9eb8f8b2d93a2d0748, findElement {value=password, using=name}]
Capabilities {acceptInsecureCerts: false, browserName: chrome, browserVersion: 131.0.6778.140, chrome: {chromedriverVersion: 131.0.6778.108 (3b014839fbc..., userDataDir: C:\Users\golda\AppData\Loca...}, fedcm:accounts: true, goog:chromeOptions: {debuggerAddress: localhost:58460}, networkConnectionEnabled: false, pageLoadStrategy: normal, platformName: windows, proxy: Proxy(), se:cdp: ws://localhost:58460/devtoo..., se:cdpVersion: 131.0.6778.140, setWindowRect: true, strictFileInteractability: false, timeouts: {implicit: 0, pageLoad: 300000, script: 30000}, unhandledPromptBehavior: dismiss and notify, webauthn:extension:credBlob: true, webauthn:extension:largeBlob: true, webauthn:extension:minPinLength: true, webauthn:extension:prf: true, webauthn:virtualAuthenticators: true}
Session ID: 936df6531a58eb9eb8f8b2d93a2d0748]]>
            </message>
            <full-stacktrace>
              <![CDATA[org.openqa.selenium.NoSuchElementException: no such element: Unable to locate element: {"method":"css selector","selector":"*[name='password']"}
  (Session info: chrome=131.0.6778.140)
For documentation on this error, please visit: https://www.selenium.dev/documentation/webdriver/troubleshooting/errors#no-such-element-exception
Build info: version: '4.23.1', revision: '656257d8e9'
System info: os.name: 'Windows 11', os.arch: 'amd64', os.version: '10.0', java.version: '22.0.2'
Driver info: org.openqa.selenium.chrome.ChromeDriver
Command: [936df6531a58eb9eb8f8b2d93a2d0748, findElement {value=password, using=name}]
Capabilities {acceptInsecureCerts: false, browserName: chrome, browserVersion: 131.0.6778.140, chrome: {chromedriverVersion: 131.0.6778.108 (3b014839fbc..., userDataDir: C:\Users\golda\AppData\Loca...}, fedcm:accounts: true, goog:chromeOptions: {debuggerAddress: localhost:58460}, networkConnectionEnabled: false, pageLoadStrategy: normal, platformName: windows, proxy: Proxy(), se:cdp: ws://localhost:58460/devtoo..., se:cdpVersion: 131.0.6778.140, setWindowRect: true, strictFileInteractability: false, timeouts: {implicit: 0, pageLoad: 300000, script: 30000}, unhandledPromptBehavior: dismiss and notify, webauthn:extension:credBlob: true, webauthn:extension:largeBlob: true, webauthn:extension:minPinLength: true, webauthn:extension:prf: true, webauthn:virtualAuthenticators: true}
Session ID: 936df6531a58eb9eb8f8b2d93a2d0748
at java.base/jdk.internal.reflect.DirectConstructorHandleAccessor.newInstance(DirectConstructorHandleAccessor.java:62)
at java.base/java.lang.reflect.Constructor.newInstanceWithCaller(Constructor.java:502)
at java.base/java.lang.reflect.Constructor.newInstance(Constructor.java:486)
at org.openqa.selenium.remote.ErrorCodec.decode(ErrorCodec.java:167)
at org.openqa.selenium.remote.codec.w3c.W3CHttpResponseCodec.decode(W3CHttpResponseCodec.java:138)
at org.openqa.selenium.remote.codec.w3c.W3CHttpResponseCodec.decode(W3CHttpResponseCodec.java:50)
at org.openqa.selenium.remote.HttpCommandExecutor.execute(HttpCommandExecutor.java:190)
at org.openqa.selenium.remote.service.DriverCommandExecutor.invokeExecute(DriverCommandExecutor.java:216)
at org.openqa.selenium.remote.service.DriverCommandExecutor.execute(DriverCommandExecutor.java:174)
at org.openqa.selenium.remote.RemoteWebDriver.execute(RemoteWebDriver.java:545)
at org.openqa.selenium.remote.ElementLocation$ElementFinder$2.findElement(ElementLocation.java:165)
at org.openqa.selenium.remote.ElementLocation.findElement(ElementLocation.java:59)
at org.openqa.selenium.remote.RemoteWebDriver.findElement(RemoteWebDriver.java:368)
at org.openqa.selenium.remote.RemoteWebDriver.findElement(RemoteWebDriver.java:362)
at org.openqa.selenium.support.pagefactory.DefaultElementLocator.findElement(DefaultElementLocator.java:68)
at org.openqa.selenium.support.pagefactory.internal.LocatingElementHandler.invoke(LocatingElementHandler.java:38)
at jdk.proxy2/jdk.proxy2.$Proxy20.sendKeys(Unknown Source)
at pageObject.LoginPageObject.setPassword(LoginPageObject.java:43)
at tests.LoginTesCases.checkInvalidUsernamePassword(LoginTesCases.java:99)
at java.base/jdk.internal.reflect.DirectMethodHandleAccessor.invoke(DirectMethodHandleAccessor.java:103)
at java.base/java.lang.reflect.Method.invoke(Method.java:580)
at org.testng.internal.invokers.MethodInvocationHelper.invokeMethod(MethodInvocationHelper.java:141)
at org.testng.internal.invokers.TestInvoker.invokeMethod(TestInvoker.java:686)
at org.testng.internal.invokers.TestInvoker.invokeTestMethod(TestInvoker.java:230)
at org.testng.internal.invokers.MethodRunner.runInSequence(MethodRunner.java:63)
at org.testng.internal.invokers.TestInvoker$MethodInvocationAgent.invoke(TestInvoker.java:992)
at org.testng.internal.invokers.TestInvoker.invokeTestMethods(TestInvoker.java:203)
at org.testng.internal.invokers.TestMethodWorker.invokeTestMethods(TestMethodWorker.java:154)
at org.testng.internal.invokers.TestMethodWorker.run(TestMethodWorker.java:134)
at java.base/java.util.ArrayList.forEach(ArrayList.java:1597)
at org.testng.TestRunner.privateRun(TestRunner.java:739)
at org.testng.TestRunner.run(TestRunner.java:614)
at org.testng.SuiteRunner.runTest(SuiteRunner.java:421)
at org.testng.SuiteRunner.runSequentially(SuiteRunner.java:413)
at org.testng.SuiteRunner.privateRun(SuiteRunner.java:373)
at org.testng.SuiteRunner.run(SuiteRunner.java:312)
at org.testng.SuiteRunnerWorker.runSuite(SuiteRunnerWorker.java:52)
at org.testng.SuiteRunnerWorker.run(SuiteRunnerWorker.java:95)
at org.testng.TestNG.runSuitesSequentially(TestNG.java:1274)
at org.testng.TestNG.runSuitesLocally(TestNG.java:1208)
at org.testng.TestNG.runSuites(TestNG.java:1112)
at org.testng.TestNG.run(TestNG.java:1079)
at org.testng.remote.AbstractRemoteTestNG.run(AbstractRemoteTestNG.java:115)
at org.testng.remote.RemoteTestNG.initAndRun(RemoteTestNG.java:293)
at org.testng.remote.RemoteTestNG.main(RemoteTestNG.java:91)
]]>
            </full-stacktrace>
          </exception> <!-- org.openqa.selenium.NoSuchElementException -->
          <reporter-output>
          </reporter-output>
        </test-method> <!-- checkInvalidUsernamePassword -->
        <test-method retried="true" signature="checkInvalidUsernamePassword(java.lang.String,java.lang.String)[pri:3, instance:tests.LoginTesCases@5023bb8b]" started-at="2024-12-16T21:53:14 GMT-05:00" name="checkInvalidUsernamePassword" data-provider="getTestUserData" finished-at="2024-12-16T21:53:14 GMT-05:00" duration-ms="108" status="SKIP">
          <params>
            <param index="0">
              <value>
                <![CDATA[goldaanto@gmail.com]]>
              </value>
            </param>
            <param index="1">
              <value>
                <![CDATA[golda@123]]>
              </value>
            </param>
          </params>
          <exception class="org.openqa.selenium.NoSuchElementException">
            <message>
              <![CDATA[no such element: Unable to locate element: {"method":"css selector","selector":"*[name='password']"}
  (Session info: chrome=131.0.6778.140)
For documentation on this error, please visit: https://www.selenium.dev/documentation/webdriver/troubleshooting/errors#no-such-element-exception
Build info: version: '4.23.1', revision: '656257d8e9'
System info: os.name: 'Windows 11', os.arch: 'amd64', os.version: '10.0', java.version: '22.0.2'
Driver info: org.openqa.selenium.chrome.ChromeDriver
Command: [936df6531a58eb9eb8f8b2d93a2d0748, findElement {value=password, using=name}]
Capabilities {acceptInsecureCerts: false, browserName: chrome, browserVersion: 131.0.6778.140, chrome: {chromedriverVersion: 131.0.6778.108 (3b014839fbc..., userDataDir: C:\Users\golda\AppData\Loca...}, fedcm:accounts: true, goog:chromeOptions: {debuggerAddress: localhost:58460}, networkConnectionEnabled: false, pageLoadStrategy: normal, platformName: windows, proxy: Proxy(), se:cdp: ws://localhost:58460/devtoo..., se:cdpVersion: 131.0.6778.140, setWindowRect: true, strictFileInteractability: false, timeouts: {implicit: 0, pageLoad: 300000, script: 30000}, unhandledPromptBehavior: dismiss and notify, webauthn:extension:credBlob: true, webauthn:extension:largeBlob: true, webauthn:extension:minPinLength: true, webauthn:extension:prf: true, webauthn:virtualAuthenticators: true}
Session ID: 936df6531a58eb9eb8f8b2d93a2d0748]]>
            </message>
            <full-stacktrace>
              <![CDATA[org.openqa.selenium.NoSuchElementException: no such element: Unable to locate element: {"method":"css selector","selector":"*[name='password']"}
  (Session info: chrome=131.0.6778.140)
For documentation on this error, please visit: https://www.selenium.dev/documentation/webdriver/troubleshooting/errors#no-such-element-exception
Build info: version: '4.23.1', revision: '656257d8e9'
System info: os.name: 'Windows 11', os.arch: 'amd64', os.version: '10.0', java.version: '22.0.2'
Driver info: org.openqa.selenium.chrome.ChromeDriver
Command: [936df6531a58eb9eb8f8b2d93a2d0748, findElement {value=password, using=name}]
Capabilities {acceptInsecureCerts: false, browserName: chrome, browserVersion: 131.0.6778.140, chrome: {chromedriverVersion: 131.0.6778.108 (3b014839fbc..., userDataDir: C:\Users\golda\AppData\Loca...}, fedcm:accounts: true, goog:chromeOptions: {debuggerAddress: localhost:58460}, networkConnectionEnabled: false, pageLoadStrategy: normal, platformName: windows, proxy: Proxy(), se:cdp: ws://localhost:58460/devtoo..., se:cdpVersion: 131.0.6778.140, setWindowRect: true, strictFileInteractability: false, timeouts: {implicit: 0, pageLoad: 300000, script: 30000}, unhandledPromptBehavior: dismiss and notify, webauthn:extension:credBlob: true, webauthn:extension:largeBlob: true, webauthn:extension:minPinLength: true, webauthn:extension:prf: true, webauthn:virtualAuthenticators: true}
Session ID: 936df6531a58eb9eb8f8b2d93a2d0748
at java.base/jdk.internal.reflect.DirectConstructorHandleAccessor.newInstance(DirectConstructorHandleAccessor.java:62)
at java.base/java.lang.reflect.Constructor.newInstanceWithCaller(Constructor.java:502)
at java.base/java.lang.reflect.Constructor.newInstance(Constructor.java:486)
at org.openqa.selenium.remote.ErrorCodec.decode(ErrorCodec.java:167)
at org.openqa.selenium.remote.codec.w3c.W3CHttpResponseCodec.decode(W3CHttpResponseCodec.java:138)
at org.openqa.selenium.remote.codec.w3c.W3CHttpResponseCodec.decode(W3CHttpResponseCodec.java:50)
at org.openqa.selenium.remote.HttpCommandExecutor.execute(HttpCommandExecutor.java:190)
at org.openqa.selenium.remote.service.DriverCommandExecutor.invokeExecute(DriverCommandExecutor.java:216)
at org.openqa.selenium.remote.service.DriverCommandExecutor.execute(DriverCommandExecutor.java:174)
at org.openqa.selenium.remote.RemoteWebDriver.execute(RemoteWebDriver.java:545)
at org.openqa.selenium.remote.ElementLocation$ElementFinder$2.findElement(ElementLocation.java:165)
at org.openqa.selenium.remote.ElementLocation.findElement(ElementLocation.java:59)
at org.openqa.selenium.remote.RemoteWebDriver.findElement(RemoteWebDriver.java:368)
at org.openqa.selenium.remote.RemoteWebDriver.findElement(RemoteWebDriver.java:362)
at org.openqa.selenium.support.pagefactory.DefaultElementLocator.findElement(DefaultElementLocator.java:68)
at org.openqa.selenium.support.pagefactory.internal.LocatingElementHandler.invoke(LocatingElementHandler.java:38)
at jdk.proxy2/jdk.proxy2.$Proxy20.sendKeys(Unknown Source)
at pageObject.LoginPageObject.setPassword(LoginPageObject.java:43)
at tests.LoginTesCases.checkInvalidUsernamePassword(LoginTesCases.java:99)
at java.base/jdk.internal.reflect.DirectMethodHandleAccessor.invoke(DirectMethodHandleAccessor.java:103)
at java.base/java.lang.reflect.Method.invoke(Method.java:580)
at org.testng.internal.invokers.MethodInvocationHelper.invokeMethod(MethodInvocationHelper.java:141)
at org.testng.internal.invokers.TestInvoker.invokeMethod(TestInvoker.java:686)
at org.testng.internal.invokers.TestInvoker.retryFailed(TestInvoker.java:269)
at org.testng.internal.invokers.MethodRunner.runInSequence(MethodRunner.java:76)
at org.testng.internal.invokers.TestInvoker$MethodInvocationAgent.invoke(TestInvoker.java:992)
at org.testng.internal.invokers.TestInvoker.invokeTestMethods(TestInvoker.java:203)
at org.testng.internal.invokers.TestMethodWorker.invokeTestMethods(TestMethodWorker.java:154)
at org.testng.internal.invokers.TestMethodWorker.run(TestMethodWorker.java:134)
at java.base/java.util.ArrayList.forEach(ArrayList.java:1597)
at org.testng.TestRunner.privateRun(TestRunner.java:739)
at org.testng.TestRunner.run(TestRunner.java:614)
at org.testng.SuiteRunner.runTest(SuiteRunner.java:421)
at org.testng.SuiteRunner.runSequentially(SuiteRunner.java:413)
at org.testng.SuiteRunner.privateRun(SuiteRunner.java:373)
at org.testng.SuiteRunner.run(SuiteRunner.java:312)
at org.testng.SuiteRunnerWorker.runSuite(SuiteRunnerWorker.java:52)
at org.testng.SuiteRunnerWorker.run(SuiteRunnerWorker.java:95)
at org.testng.TestNG.runSuitesSequentially(TestNG.java:1274)
at org.testng.TestNG.runSuitesLocally(TestNG.java:1208)
at org.testng.TestNG.runSuites(TestNG.java:1112)
at org.testng.TestNG.run(TestNG.java:1079)
at org.testng.remote.AbstractRemoteTestNG.run(AbstractRemoteTestNG.java:115)
at org.testng.remote.RemoteTestNG.initAndRun(RemoteTestNG.java:293)
at org.testng.remote.RemoteTestNG.main(RemoteTestNG.java:91)
]]>
            </full-stacktrace>
          </exception> <!-- org.openqa.selenium.NoSuchElementException -->
          <reporter-output>
          </reporter-output>
        </test-method> <!-- checkInvalidUsernamePassword -->
        <test-method retried="true" signature="checkInvalidUsernamePassword(java.lang.String,java.lang.String)[pri:3, instance:tests.LoginTesCases@5023bb8b]" started-at="2024-12-16T21:53:14 GMT-05:00" name="checkInvalidUsernamePassword" data-provider="getTestUserData" finished-at="2024-12-16T21:53:14 GMT-05:00" duration-ms="117" status="SKIP">
          <params>
            <param index="0">
              <value>
                <![CDATA[goldaanto@gmail.com]]>
              </value>
            </param>
            <param index="1">
              <value>
                <![CDATA[golda@123]]>
              </value>
            </param>
          </params>
          <exception class="org.openqa.selenium.NoSuchElementException">
            <message>
              <![CDATA[no such element: Unable to locate element: {"method":"css selector","selector":"*[name='password']"}
  (Session info: chrome=131.0.6778.140)
For documentation on this error, please visit: https://www.selenium.dev/documentation/webdriver/troubleshooting/errors#no-such-element-exception
Build info: version: '4.23.1', revision: '656257d8e9'
System info: os.name: 'Windows 11', os.arch: 'amd64', os.version: '10.0', java.version: '22.0.2'
Driver info: org.openqa.selenium.chrome.ChromeDriver
Command: [936df6531a58eb9eb8f8b2d93a2d0748, findElement {value=password, using=name}]
Capabilities {acceptInsecureCerts: false, browserName: chrome, browserVersion: 131.0.6778.140, chrome: {chromedriverVersion: 131.0.6778.108 (3b014839fbc..., userDataDir: C:\Users\golda\AppData\Loca...}, fedcm:accounts: true, goog:chromeOptions: {debuggerAddress: localhost:58460}, networkConnectionEnabled: false, pageLoadStrategy: normal, platformName: windows, proxy: Proxy(), se:cdp: ws://localhost:58460/devtoo..., se:cdpVersion: 131.0.6778.140, setWindowRect: true, strictFileInteractability: false, timeouts: {implicit: 0, pageLoad: 300000, script: 30000}, unhandledPromptBehavior: dismiss and notify, webauthn:extension:credBlob: true, webauthn:extension:largeBlob: true, webauthn:extension:minPinLength: true, webauthn:extension:prf: true, webauthn:virtualAuthenticators: true}
Session ID: 936df6531a58eb9eb8f8b2d93a2d0748]]>
            </message>
            <full-stacktrace>
              <![CDATA[org.openqa.selenium.NoSuchElementException: no such element: Unable to locate element: {"method":"css selector","selector":"*[name='password']"}
  (Session info: chrome=131.0.6778.140)
For documentation on this error, please visit: https://www.selenium.dev/documentation/webdriver/troubleshooting/errors#no-such-element-exception
Build info: version: '4.23.1', revision: '656257d8e9'
System info: os.name: 'Windows 11', os.arch: 'amd64', os.version: '10.0', java.version: '22.0.2'
Driver info: org.openqa.selenium.chrome.ChromeDriver
Command: [936df6531a58eb9eb8f8b2d93a2d0748, findElement {value=password, using=name}]
Capabilities {acceptInsecureCerts: false, browserName: chrome, browserVersion: 131.0.6778.140, chrome: {chromedriverVersion: 131.0.6778.108 (3b014839fbc..., userDataDir: C:\Users\golda\AppData\Loca...}, fedcm:accounts: true, goog:chromeOptions: {debuggerAddress: localhost:58460}, networkConnectionEnabled: false, pageLoadStrategy: normal, platformName: windows, proxy: Proxy(), se:cdp: ws://localhost:58460/devtoo..., se:cdpVersion: 131.0.6778.140, setWindowRect: true, strictFileInteractability: false, timeouts: {implicit: 0, pageLoad: 300000, script: 30000}, unhandledPromptBehavior: dismiss and notify, webauthn:extension:credBlob: true, webauthn:extension:largeBlob: true, webauthn:extension:minPinLength: true, webauthn:extension:prf: true, webauthn:virtualAuthenticators: true}
Session ID: 936df6531a58eb9eb8f8b2d93a2d0748
at java.base/jdk.internal.reflect.DirectConstructorHandleAccessor.newInstance(DirectConstructorHandleAccessor.java:62)
at java.base/java.lang.reflect.Constructor.newInstanceWithCaller(Constructor.java:502)
at java.base/java.lang.reflect.Constructor.newInstance(Constructor.java:486)
at org.openqa.selenium.remote.ErrorCodec.decode(ErrorCodec.java:167)
at org.openqa.selenium.remote.codec.w3c.W3CHttpResponseCodec.decode(W3CHttpResponseCodec.java:138)
at org.openqa.selenium.remote.codec.w3c.W3CHttpResponseCodec.decode(W3CHttpResponseCodec.java:50)
at org.openqa.selenium.remote.HttpCommandExecutor.execute(HttpCommandExecutor.java:190)
at org.openqa.selenium.remote.service.DriverCommandExecutor.invokeExecute(DriverCommandExecutor.java:216)
at org.openqa.selenium.remote.service.DriverCommandExecutor.execute(DriverCommandExecutor.java:174)
at org.openqa.selenium.remote.RemoteWebDriver.execute(RemoteWebDriver.java:545)
at org.openqa.selenium.remote.ElementLocation$ElementFinder$2.findElement(ElementLocation.java:165)
at org.openqa.selenium.remote.ElementLocation.findElement(ElementLocation.java:59)
at org.openqa.selenium.remote.RemoteWebDriver.findElement(RemoteWebDriver.java:368)
at org.openqa.selenium.remote.RemoteWebDriver.findElement(RemoteWebDriver.java:362)
at org.openqa.selenium.support.pagefactory.DefaultElementLocator.findElement(DefaultElementLocator.java:68)
at org.openqa.selenium.support.pagefactory.internal.LocatingElementHandler.invoke(LocatingElementHandler.java:38)
at jdk.proxy2/jdk.proxy2.$Proxy20.sendKeys(Unknown Source)
at pageObject.LoginPageObject.setPassword(LoginPageObject.java:43)
at tests.LoginTesCases.checkInvalidUsernamePassword(LoginTesCases.java:99)
at java.base/jdk.internal.reflect.DirectMethodHandleAccessor.invoke(DirectMethodHandleAccessor.java:103)
at java.base/java.lang.reflect.Method.invoke(Method.java:580)
at org.testng.internal.invokers.MethodInvocationHelper.invokeMethod(MethodInvocationHelper.java:141)
at org.testng.internal.invokers.TestInvoker.invokeMethod(TestInvoker.java:686)
at org.testng.internal.invokers.TestInvoker.retryFailed(TestInvoker.java:269)
at org.testng.internal.invokers.MethodRunner.runInSequence(MethodRunner.java:76)
at org.testng.internal.invokers.TestInvoker$MethodInvocationAgent.invoke(TestInvoker.java:992)
at org.testng.internal.invokers.TestInvoker.invokeTestMethods(TestInvoker.java:203)
at org.testng.internal.invokers.TestMethodWorker.invokeTestMethods(TestMethodWorker.java:154)
at org.testng.internal.invokers.TestMethodWorker.run(TestMethodWorker.java:134)
at java.base/java.util.ArrayList.forEach(ArrayList.java:1597)
at org.testng.TestRunner.privateRun(TestRunner.java:739)
at org.testng.TestRunner.run(TestRunner.java:614)
at org.testng.SuiteRunner.runTest(SuiteRunner.java:421)
at org.testng.SuiteRunner.runSequentially(SuiteRunner.java:413)
at org.testng.SuiteRunner.privateRun(SuiteRunner.java:373)
at org.testng.SuiteRunner.run(SuiteRunner.java:312)
at org.testng.SuiteRunnerWorker.runSuite(SuiteRunnerWorker.java:52)
at org.testng.SuiteRunnerWorker.run(SuiteRunnerWorker.java:95)
at org.testng.TestNG.runSuitesSequentially(TestNG.java:1274)
at org.testng.TestNG.runSuitesLocally(TestNG.java:1208)
at org.testng.TestNG.runSuites(TestNG.java:1112)
at org.testng.TestNG.run(TestNG.java:1079)
at org.testng.remote.AbstractRemoteTestNG.run(AbstractRemoteTestNG.java:115)
at org.testng.remote.RemoteTestNG.initAndRun(RemoteTestNG.java:293)
at org.testng.remote.RemoteTestNG.main(RemoteTestNG.java:91)
]]>
            </full-stacktrace>
          </exception> <!-- org.openqa.selenium.NoSuchElementException -->
          <reporter-output>
          </reporter-output>
        </test-method> <!-- checkInvalidUsernamePassword -->
        <test-method signature="checkInvalidUsernamePassword(java.lang.String,java.lang.String)[pri:3, instance:tests.LoginTesCases@5023bb8b]" started-at="2024-12-16T21:53:14 GMT-05:00" name="checkInvalidUsernamePassword" data-provider="getTestUserData" finished-at="2024-12-16T21:53:14 GMT-05:00" duration-ms="103" status="FAIL">
          <params>
            <param index="0">
              <value>
                <![CDATA[goldaanto@gmail.com]]>
              </value>
            </param>
            <param index="1">
              <value>
                <![CDATA[golda@123]]>
              </value>
            </param>
          </params>
          <exception class="org.openqa.selenium.NoSuchElementException">
            <message>
              <![CDATA[no such element: Unable to locate element: {"method":"css selector","selector":"*[name='password']"}
  (Session info: chrome=131.0.6778.140)
For documentation on this error, please visit: https://www.selenium.dev/documentation/webdriver/troubleshooting/errors#no-such-element-exception
Build info: version: '4.23.1', revision: '656257d8e9'
System info: os.name: 'Windows 11', os.arch: 'amd64', os.version: '10.0', java.version: '22.0.2'
Driver info: org.openqa.selenium.chrome.ChromeDriver
Command: [936df6531a58eb9eb8f8b2d93a2d0748, findElement {value=password, using=name}]
Capabilities {acceptInsecureCerts: false, browserName: chrome, browserVersion: 131.0.6778.140, chrome: {chromedriverVersion: 131.0.6778.108 (3b014839fbc..., userDataDir: C:\Users\golda\AppData\Loca...}, fedcm:accounts: true, goog:chromeOptions: {debuggerAddress: localhost:58460}, networkConnectionEnabled: false, pageLoadStrategy: normal, platformName: windows, proxy: Proxy(), se:cdp: ws://localhost:58460/devtoo..., se:cdpVersion: 131.0.6778.140, setWindowRect: true, strictFileInteractability: false, timeouts: {implicit: 0, pageLoad: 300000, script: 30000}, unhandledPromptBehavior: dismiss and notify, webauthn:extension:credBlob: true, webauthn:extension:largeBlob: true, webauthn:extension:minPinLength: true, webauthn:extension:prf: true, webauthn:virtualAuthenticators: true}
Session ID: 936df6531a58eb9eb8f8b2d93a2d0748]]>
            </message>
            <full-stacktrace>
              <![CDATA[org.openqa.selenium.NoSuchElementException: no such element: Unable to locate element: {"method":"css selector","selector":"*[name='password']"}
  (Session info: chrome=131.0.6778.140)
For documentation on this error, please visit: https://www.selenium.dev/documentation/webdriver/troubleshooting/errors#no-such-element-exception
Build info: version: '4.23.1', revision: '656257d8e9'
System info: os.name: 'Windows 11', os.arch: 'amd64', os.version: '10.0', java.version: '22.0.2'
Driver info: org.openqa.selenium.chrome.ChromeDriver
Command: [936df6531a58eb9eb8f8b2d93a2d0748, findElement {value=password, using=name}]
Capabilities {acceptInsecureCerts: false, browserName: chrome, browserVersion: 131.0.6778.140, chrome: {chromedriverVersion: 131.0.6778.108 (3b014839fbc..., userDataDir: C:\Users\golda\AppData\Loca...}, fedcm:accounts: true, goog:chromeOptions: {debuggerAddress: localhost:58460}, networkConnectionEnabled: false, pageLoadStrategy: normal, platformName: windows, proxy: Proxy(), se:cdp: ws://localhost:58460/devtoo..., se:cdpVersion: 131.0.6778.140, setWindowRect: true, strictFileInteractability: false, timeouts: {implicit: 0, pageLoad: 300000, script: 30000}, unhandledPromptBehavior: dismiss and notify, webauthn:extension:credBlob: true, webauthn:extension:largeBlob: true, webauthn:extension:minPinLength: true, webauthn:extension:prf: true, webauthn:virtualAuthenticators: true}
Session ID: 936df6531a58eb9eb8f8b2d93a2d0748
at java.base/jdk.internal.reflect.DirectConstructorHandleAccessor.newInstance(DirectConstructorHandleAccessor.java:62)
at java.base/java.lang.reflect.Constructor.newInstanceWithCaller(Constructor.java:502)
at java.base/java.lang.reflect.Constructor.newInstance(Constructor.java:486)
at org.openqa.selenium.remote.ErrorCodec.decode(ErrorCodec.java:167)
at org.openqa.selenium.remote.codec.w3c.W3CHttpResponseCodec.decode(W3CHttpResponseCodec.java:138)
at org.openqa.selenium.remote.codec.w3c.W3CHttpResponseCodec.decode(W3CHttpResponseCodec.java:50)
at org.openqa.selenium.remote.HttpCommandExecutor.execute(HttpCommandExecutor.java:190)
at org.openqa.selenium.remote.service.DriverCommandExecutor.invokeExecute(DriverCommandExecutor.java:216)
at org.openqa.selenium.remote.service.DriverCommandExecutor.execute(DriverCommandExecutor.java:174)
at org.openqa.selenium.remote.RemoteWebDriver.execute(RemoteWebDriver.java:545)
at org.openqa.selenium.remote.ElementLocation$ElementFinder$2.findElement(ElementLocation.java:165)
at org.openqa.selenium.remote.ElementLocation.findElement(ElementLocation.java:59)
at org.openqa.selenium.remote.RemoteWebDriver.findElement(RemoteWebDriver.java:368)
at org.openqa.selenium.remote.RemoteWebDriver.findElement(RemoteWebDriver.java:362)
at org.openqa.selenium.support.pagefactory.DefaultElementLocator.findElement(DefaultElementLocator.java:68)
at org.openqa.selenium.support.pagefactory.internal.LocatingElementHandler.invoke(LocatingElementHandler.java:38)
at jdk.proxy2/jdk.proxy2.$Proxy20.sendKeys(Unknown Source)
at pageObject.LoginPageObject.setPassword(LoginPageObject.java:43)
at tests.LoginTesCases.checkInvalidUsernamePassword(LoginTesCases.java:99)
at java.base/jdk.internal.reflect.DirectMethodHandleAccessor.invoke(DirectMethodHandleAccessor.java:103)
at java.base/java.lang.reflect.Method.invoke(Method.java:580)
at org.testng.internal.invokers.MethodInvocationHelper.invokeMethod(MethodInvocationHelper.java:141)
at org.testng.internal.invokers.TestInvoker.invokeMethod(TestInvoker.java:686)
at org.testng.internal.invokers.TestInvoker.retryFailed(TestInvoker.java:269)
at org.testng.internal.invokers.MethodRunner.runInSequence(MethodRunner.java:76)
at org.testng.internal.invokers.TestInvoker$MethodInvocationAgent.invoke(TestInvoker.java:992)
at org.testng.internal.invokers.TestInvoker.invokeTestMethods(TestInvoker.java:203)
at org.testng.internal.invokers.TestMethodWorker.invokeTestMethods(TestMethodWorker.java:154)
at org.testng.internal.invokers.TestMethodWorker.run(TestMethodWorker.java:134)
at java.base/java.util.ArrayList.forEach(ArrayList.java:1597)
at org.testng.TestRunner.privateRun(TestRunner.java:739)
at org.testng.TestRunner.run(TestRunner.java:614)
at org.testng.SuiteRunner.runTest(SuiteRunner.java:421)
at org.testng.SuiteRunner.runSequentially(SuiteRunner.java:413)
at org.testng.SuiteRunner.privateRun(SuiteRunner.java:373)
[...]
          <reporter-output>
          </reporter-output>
        </test-method> <!-- user_clicks_on_implement_queue_link -->
        <test-method signature="user_clicks_sub_implement_queue_link()[pri:2, instance:tests.QueueTestcases@1199fe66]" started-at="2024-12-16T21:55:02 GMT-05:00" name="user_clicks_sub_implement_queue_link" finished-at="2024-12-16T21:55:03 GMT-05:00" duration-ms="329" status="PASS">
          <reporter-output>
          </reporter-output>
        </test-method> <!-- user_clicks_sub_implement_queue_link -->
        <test-method signature="clicksubImplementQueueTryHere()[pri:3, instance:tests.QueueTestcases@1199fe66]" started-at="2024-12-16T21:55:03 GMT-05:00" name="clicksubImplementQueueTryHere" finished-at="2024-12-16T21:55:03 GMT-05:00" duration-ms="316" status="PASS">
          <reporter-output>
          </reporter-output>
        </test-method> <!-- clicksubImplementQueueTryHere -->
        <test-method signature="executeImpleQueueTryHere(java.lang.String)[pri:4, instance:tests.QueueTestcases@1199fe66]" started-at="2024-12-16T21:55:03 GMT-05:00" name="executeImpleQueueTryHere" data-provider="getTestData" finished-at="2024-12-16T21:55:03 GMT-05:00" duration-ms="456" status="PASS">
          <params>
            <param index="0">
              <value>
                <![CDATA[print("Welcome")]]>
              </value>
            </param>
          </params>
          <reporter-output>
          </reporter-output>
        </test-method> <!-- executeImpleQueueTryHere -->
        <test-method signature="executeImpleQueueTryHere(java.lang.String)[pri:4, instance:tests.QueueTestcases@1199fe66]" started-at="2024-12-16T21:55:03 GMT-05:00" name="executeImpleQueueTryHere" data-provider="getTestData" finished-at="2024-12-16T21:55:04 GMT-05:00" duration-ms="336" status="PASS">
          <params>
            <param index="0">
              <value>
                <![CDATA[print("Golda")]]>
              </value>
            </param>
          </params>
          <reporter-output>
          </reporter-output>
        </test-method> <!-- executeImpleQueueTryHere -->
        <test-method signature="executeImpleQueueTryHere(java.lang.String)[pri:4, instance:tests.QueueTestcases@1199fe66]" started-at="2024-12-16T21:55:04 GMT-05:00" name="executeImpleQueueTryHere" data-provider="getTestData" finished-at="2024-12-16T21:55:04 GMT-05:00" duration-ms="465" status="PASS">
          <params>
            <param index="0">
              <value>
                <![CDATA[print("DSAlgo")]]>
              </value>
            </param>
          </params>
          <reporter-output>
          </reporter-output>
        </test-method> <!-- executeImpleQueueTryHere -->
        <test-method signature="executeImpleQueueTryHere(java.lang.String)[pri:4, instance:tests.QueueTestcases@1199fe66]" started-at="2024-12-16T21:55:04 GMT-05:00" name="executeImpleQueueTryHere" data-provider="getTestData" finished-at="2024-12-16T21:55:05 GMT-05:00" duration-ms="502" status="PASS">
          <params>
            <param index="0">
              <value>
                <![CDATA[Print("NumpyNinja")]]>
              </value>
            </param>
          </params>
          <reporter-output>
          </reporter-output>
        </test-method> <!-- executeImpleQueueTryHere -->
        <test-method signature="executeImpleQueueTryHere(java.lang.String)[pri:4, instance:tests.QueueTestcases@1199fe66]" started-at="2024-12-16T21:55:05 GMT-05:00" name="executeImpleQueueTryHere" data-provider="getTestData" finished-at="2024-12-16T21:55:05 GMT-05:00" duration-ms="514" status="PASS">
          <params>
            <param index="0">
              <value>
                <![CDATA[Print("Plainsboro")]]>
              </value>
            </param>
          </params>
          <reporter-output>
          </reporter-output>
        </test-method> <!-- executeImpleQueueTryHere -->
        <test-method signature="executeImpleQueueTryHere(java.lang.String)[pri:4, instance:tests.QueueTestcases@1199fe66]" started-at="2024-12-16T21:55:05 GMT-05:00" name="executeImpleQueueTryHere" data-provider="getTestData" finished-at="2024-12-16T21:55:06 GMT-05:00" duration-ms="478" status="PASS">
          <params>
            <param index="0">
              <value>
                <![CDATA[print("Correct Data");]]>
              </value>
            </param>
          </params>
          <reporter-output>
          </reporter-output>
        </test-method> <!-- executeImpleQueueTryHere -->
        <test-method signature="user_clicks_on_implement_de_que_link()[pri:5, instance:tests.QueueTestcases@1199fe66]" started-at="2024-12-16T21:55:06 GMT-05:00" name="user_clicks_on_implement_de_que_link" finished-at="2024-12-16T21:55:07 GMT-05:00" duration-ms="816" status="PASS">
          <reporter-output>
          </reporter-output>
        </test-method> <!-- user_clicks_on_implement_de_que_link -->
        <test-method signature="user_clicks_sub_implement_de_que_link()[pri:6, instance:tests.QueueTestcases@1199fe66]" started-at="2024-12-16T21:55:07 GMT-05:00" name="user_clicks_sub_implement_de_que_link" finished-at="2024-12-16T21:55:07 GMT-05:00" duration-ms="254" status="PASS">
          <reporter-output>
          </reporter-output>
        </test-method> <!-- user_clicks_sub_implement_de_que_link -->
        <test-method signature="clicksubImplementDeQueueTryHere()[pri:7, instance:tests.QueueTestcases@1199fe66]" started-at="2024-12-16T21:55:07 GMT-05:00" name="clicksubImplementDeQueueTryHere" finished-at="2024-12-16T21:55:07 GMT-05:00" duration-ms="360" status="PASS">
          <reporter-output>
          </reporter-output>
        </test-method> <!-- clicksubImplementDeQueueTryHere -->
        <test-method signature="executeImpleDeQueueTryHere(java.lang.String)[pri:8, instance:tests.QueueTestcases@1199fe66]" started-at="2024-12-16T21:55:07 GMT-05:00" name="executeImpleDeQueueTryHere" data-provider="getTestData" finished-at="2024-12-16T21:55:08 GMT-05:00" duration-ms="391" status="PASS">
          <params>
            <param index="0">
              <value>
                <![CDATA[print("Welcome")]]>
              </value>
            </param>
          </params>
          <reporter-output>
          </reporter-output>
        </test-method> <!-- executeImpleDeQueueTryHere -->
        <test-method signature="executeImpleDeQueueTryHere(java.lang.String)[pri:8, instance:tests.QueueTestcases@1199fe66]" started-at="2024-12-16T21:55:08 GMT-05:00" name="executeImpleDeQueueTryHere" data-provider="getTestData" finished-at="2024-12-16T21:55:08 GMT-05:00" duration-ms="433" status="PASS">
          <params>
            <param index="0">
              <value>
                <![CDATA[print("Golda")]]>
              </value>
            </param>
          </params>
          <reporter-output>
          </reporter-output>
        </test-method> <!-- executeImpleDeQueueTryHere -->
        <test-method signature="executeImpleDeQueueTryHere(java.lang.String)[pri:8, instance:tests.QueueTestcases@1199fe66]" started-at="2024-12-16T21:55:08 GMT-05:00" name="executeImpleDeQueueTryHere" data-provider="getTestData" finished-at="2024-12-16T21:55:08 GMT-05:00" duration-ms="419" status="PASS">
          <params>
            <param index="0">
              <value>
                <![CDATA[print("DSAlgo")]]>
              </value>
            </param>
          </params>
          <reporter-output>
          </reporter-output>
        </test-method> <!-- executeImpleDeQueueTryHere -->
        <test-method signature="executeImpleDeQueueTryHere(java.lang.String)[pri:8, instance:tests.QueueTestcases@1199fe66]" started-at="2024-12-16T21:55:08 GMT-05:00" name="executeImpleDeQueueTryHere" data-provider="getTestData" finished-at="2024-12-16T21:55:09 GMT-05:00" duration-ms="422" status="PASS">
          <params>
            <param index="0">
              <value>
                <![CDATA[Print("NumpyNinja")]]>
              </value>
            </param>
          </params>
          <reporter-output>
          </reporter-output>
        </test-method> <!-- executeImpleDeQueueTryHere -->
        <test-method signature="executeImpleDeQueueTryHere(java.lang.String)[pri:8, instance:tests.QueueTestcases@1199fe66]" started-at="2024-12-16T21:55:09 GMT-05:00" name="executeImpleDeQueueTryHere" data-provider="getTestData" finished-at="2024-12-16T21:55:09 GMT-05:00" duration-ms="420" status="PASS">
          <params>
            <param index="0">
              <value>
                <![CDATA[Print("Plainsboro")]]>
              </value>
            </param>
          </params>
          <reporter-output>
          </reporter-output>
        </test-method> <!-- executeImpleDeQueueTryHere -->
        <test-method signature="executeImpleDeQueueTryHere(java.lang.String)[pri:8, instance:tests.QueueTestcases@1199fe66]" started-at="2024-12-16T21:55:09 GMT-05:00" name="executeImpleDeQueueTryHere" data-provider="getTestData" finished-at="2024-12-16T21:55:10 GMT-05:00" duration-ms="506" status="PASS">
          <params>
            <param index="0">
              <value>
                <![CDATA[print("Correct Data");]]>
              </value>
            </param>
          </params>
          <reporter-output>
          </reporter-output>
        </test-method> <!-- executeImpleDeQueueTryHere -->
        <test-method signature="user_clicks_on_implement_array_link()[pri:9, instance:tests.QueueTestcases@1199fe66]" started-at="2024-12-16T21:55:10 GMT-05:00" name="user_clicks_on_implement_array_link" finished-at="2024-12-16T21:55:11 GMT-05:00" duration-ms="891" status="PASS">
          <reporter-output>
          </reporter-output>
        </test-method> <!-- user_clicks_on_implement_array_link -->
        <test-method signature="user_clicks_Sub_implement_array_link()[pri:10, instance:tests.QueueTestcases@1199fe66]" started-at="2024-12-16T21:55:11 GMT-05:00" name="user_clicks_Sub_implement_array_link" finished-at="2024-12-16T21:55:11 GMT-05:00" duration-ms="318" status="PASS">
          <reporter-output>
          </reporter-output>
        </test-method> <!-- user_clicks_Sub_implement_array_link -->
        <test-method signature="clicksubImplementArrayTryHere()[pri:11, instance:tests.QueueTestcases@1199fe66]" started-at="2024-12-16T21:55:11 GMT-05:00" name="clicksubImplementArrayTryHere" finished-at="2024-12-16T21:55:11 GMT-05:00" duration-ms="300" status="PASS">
          <reporter-output>
          </reporter-output>
        </test-method> <!-- clicksubImplementArrayTryHere -->
        <test-method signature="executeImpleArrayTryHere(java.lang.String)[pri:12, instance:tests.QueueTestcases@1199fe66]" started-at="2024-12-16T21:55:11 GMT-05:00" name="executeImpleArrayTryHere" data-provider="getTestData" finished-at="2024-12-16T21:55:12 GMT-05:00" duration-ms="405" status="PASS">
          <params>
            <param index="0">
              <value>
                <![CDATA[print("Welcome")]]>
              </value>
            </param>
          </params>
          <reporter-output>
          </reporter-output>
        </test-method> <!-- executeImpleArrayTryHere -->
        <test-method signature="executeImpleArrayTryHere(java.lang.String)[pri:12, instance:tests.QueueTestcases@1199fe66]" started-at="2024-12-16T21:55:12 GMT-05:00" name="executeImpleArrayTryHere" data-provider="getTestData" finished-at="2024-12-16T21:55:12 GMT-05:00" duration-ms="402" status="PASS">
          <params>
            <param index="0">
              <value>
                <![CDATA[print("Golda")]]>
              </value>
            </param>
          </params>
          <reporter-output>
          </reporter-output>
        </test-method> <!-- executeImpleArrayTryHere -->
        <test-method signature="executeImpleArrayTryHere(java.lang.String)[pri:12, instance:tests.QueueTestcases@1199fe66]" started-at="2024-12-16T21:55:12 GMT-05:00" name="executeImpleArrayTryHere" data-provider="getTestData" finished-at="2024-12-16T21:55:13 GMT-05:00" duration-ms="410" status="PASS">
          <params>
            <param index="0">
              <value>
                <![CDATA[print("DSAlgo")]]>
              </value>
            </param>
          </params>
          <reporter-output>
          </reporter-output>
        </test-method> <!-- executeImpleArrayTryHere -->
        <test-method signature="executeImpleArrayTryHere(java.lang.String)[pri:12, instance:tests.QueueTestcases@1199fe66]" started-at="2024-12-16T21:55:13 GMT-05:00" name="executeImpleArrayTryHere" data-provider="getTestData" finished-at="2024-12-16T21:55:13 GMT-05:00" duration-ms="451" status="PASS">
          <params>
            <param index="0">
              <value>
                <![CDATA[Print("NumpyNinja")]]>
              </value>
            </param>
          </params>
          <reporter-output>
          </reporter-output>
        </test-method> <!-- executeImpleArrayTryHere -->
        <test-method signature="executeImpleArrayTryHere(java.lang.String)[pri:12, instance:tests.QueueTestcases@1199fe66]" started-at="2024-12-16T21:55:13 GMT-05:00" name="executeImpleArrayTryHere" data-provider="getTestData" finished-at="2024-12-16T21:55:13 GMT-05:00" duration-ms="442" status="PASS">
          <params>
            <param index="0">
              <value>
                <![CDATA[Print("Plainsboro")]]>
              </value>
            </param>
          </params>
          <reporter-output>
          </reporter-output>
        </test-method> <!-- executeImpleArrayTryHere -->
        <test-method signature="executeImpleArrayTryHere(java.lang.String)[pri:12, instance:tests.QueueTestcases@1199fe66]" started-at="2024-12-16T21:55:13 GMT-05:00" name="executeImpleArrayTryHere" data-provider="getTestData" finished-at="2024-12-16T21:55:14 GMT-05:00" duration-ms="513" status="PASS">
          <params>
            <param index="0">
              <value>
                <![CDATA[print("Correct Data");]]>
              </value>
            </param>
          </params>
          <reporter-output>
          </reporter-output>
        </test-method> <!-- executeImpleArrayTryHere -->
        <test-method signature="user_clicks_on_queue_operation_link()[pri:13, instance:tests.QueueTestcases@1199fe66]" started-at="2024-12-16T21:55:14 GMT-05:00" name="user_clicks_on_queue_operation_link" finished-at="2024-12-16T21:55:15 GMT-05:00" duration-ms="828" status="PASS">
          <reporter-output>
          </reporter-output>
        </test-method> <!-- user_clicks_on_queue_operation_link -->
        <test-method signature="user_clicks_sub_queue_operation_link()[pri:14, instance:tests.QueueTestcases@1199fe66]" started-at="2024-12-16T21:55:15 GMT-05:00" name="user_clicks_sub_queue_operation_link" finished-at="2024-12-16T21:55:15 GMT-05:00" duration-ms="272" status="PASS">
          <reporter-output>
          </reporter-output>
        </test-method> <!-- user_clicks_sub_queue_operation_link -->
        <test-method signature="clicksubQueueOperationsTryHere()[pri:15, instance:tests.QueueTestcases@1199fe66]" started-at="2024-12-16T21:55:15 GMT-05:00" name="clicksubQueueOperationsTryHere" finished-at="2024-12-16T21:55:15 GMT-05:00" duration-ms="395" status="PASS">
          <reporter-output>
          </reporter-output>
        </test-method> <!-- clicksubQueueOperationsTryHere -->
        <test-method signature="executeQueueOperationsTryHere(java.lang.String)[pri:16, instance:tests.QueueTestcases@1199fe66]" started-at="2024-12-16T21:55:15 GMT-05:00" name="executeQueueOperationsTryHere" data-provider="getTestData" finished-at="2024-12-16T21:55:16 GMT-05:00" duration-ms="481" status="PASS">
          <params>
            <param index="0">
              <value>
                <![CDATA[print("Welcome")]]>
              </value>
            </param>
          </params>
          <reporter-output>
          </reporter-output>
        </test-method> <!-- executeQueueOperationsTryHere -->
        <test-method signature="executeQueueOperationsTryHere(java.lang.String)[pri:16, instance:tests.QueueTestcases@1199fe66]" started-at="2024-12-16T21:55:16 GMT-05:00" name="executeQueueOperationsTryHere" data-provider="getTestData" finished-at="2024-12-16T21:55:16 GMT-05:00" duration-ms="411" status="PASS">
          <params>
            <param index="0">
              <value>
                <![CDATA[print("Golda")]]>
              </value>
            </param>
          </params>
          <reporter-output>
          </reporter-output>
        </test-method> <!-- executeQueueOperationsTryHere -->
        <test-method signature="executeQueueOperationsTryHere(java.lang.String)[pri:16, instance:tests.QueueTestcases@1199fe66]" started-at="2024-12-16T21:55:16 GMT-05:00" name="executeQueueOperationsTryHere" data-provider="getTestData" finished-at="2024-12-16T21:55:17 GMT-05:00" duration-ms="506" status="PASS">
          <params>
            <param index="0">
              <value>
                <![CDATA[print("DSAlgo")]]>
              </value>
            </param>
          </params>
          <reporter-output>
          </reporter-output>
        </test-method> <!-- executeQueueOperationsTryHere -->
        <test-method signature="executeQueueOperationsTryHere(java.lang.String)[pri:16, instance:tests.QueueTestcases@1199fe66]" started-at="2024-12-16T21:55:17 GMT-05:00" name="executeQueueOperationsTryHere" data-provider="getTestData" finished-at="2024-12-16T21:55:17 GMT-05:00" duration-ms="519" status="PASS">
          <params>
            <param index="0">
              <value>
                <![CDATA[Print("NumpyNinja")]]>
              </value>
            </param>
          </params>
          <reporter-output>
          </reporter-output>
        </test-method> <!-- executeQueueOperationsTryHere -->
        <test-method signature="executeQueueOperationsTryHere(java.lang.String)[pri:16, instance:tests.QueueTestcases@1199fe66]" started-at="2024-12-16T21:55:17 GMT-05:00" name="executeQueueOperationsTryHere" data-provider="getTestData" finished-at="2024-12-16T21:55:18 GMT-05:00" duration-ms="466" status="PASS">
          <params>
            <param index="0">
              <value>
                <![CDATA[Print("Plainsboro")]]>
              </value>
            </param>
          </params>
          <reporter-output>
          </reporter-output>
        </test-method> <!-- executeQueueOperationsTryHere -->
        <test-method signature="executeQueueOperationsTryHere(java.lang.String)[pri:16, instance:tests.QueueTestcases@1199fe66]" started-at="2024-12-16T21:55:18 GMT-05:00" name="executeQueueOperationsTryHere" data-provider="getTestData" finished-at="2024-12-16T21:55:18 GMT-05:00" duration-ms="462" status="PASS">
          <params>
            <param index="0">
              <value>
                <![CDATA[print("Correct Data");]]>
              </value>
            </param>
          </params>
          <reporter-output>
          </reporter-output>
        </test-method> <!-- executeQueueOperationsTryHere -->
        <test-method signature="user_clicks_on_queue_practise_test_link()[pri:17, instance:tests.QueueTestcases@1199fe66]" started-at="2024-12-16T21:55:18 GMT-05:00" name="user_clicks_on_queue_practise_test_link" finished-at="2024-12-16T21:55:19 GMT-05:00" duration-ms="1077" status="PASS">
          <reporter-output>
          </reporter-output>
        </test-method> <!-- user_clicks_on_queue_practise_test_link -->
        <test-method is-config="true" signature="user_clicks_on_logout_link()[pri:0, instance:tests.QueueTestcases@1199fe66]" started-at="2024-12-16T21:55:19 GMT-05:00" name="user_clicks_on_logout_link" finished-at="2024-12-16T21:55:20 GMT-05:00" duration-ms="533" status="PASS">
          <reporter-output>
          </reporter-output>
        </test-method> <!-- user_clicks_on_logout_link -->
      </class> <!-- tests.QueueTestcases -->
    </test> <!-- TestChrome -->
  </suite> <!-- Suite1 -->
</testng-results>
